Emptying app dir 'builddir'
Downloading sources
Starting build of org.xpra.Client
Cache hit for libXres, skipping build
Cache miss, checking out last cache hit
========================================================================
Building module xpra in /tmp/xpra-client-flatpak/org.xpra.Client/.flatpak-builder/build/xpra-6
========================================================================
Running: pip3 install --prefix=/app pycairo PyGObject paramiko cryptography pyopenssl lz4 pillow pyopengl pyopengl-accelerate netifaces zeroconf
Collecting pycairo
  Downloading pycairo-1.29.0.tar.gz (665 kB)
     ━━━━━━━━━━━━━━━━━━━━━━━━━━━━━━━━━━━━━━━━ 665.9/665.9 kB 35.4 MB/s  0:00:00
  Installing build dependencies: started
  Installing build dependencies: finished with status 'done'
  Getting requirements to build wheel: started
  Getting requirements to build wheel: finished with status 'done'
  Installing backend dependencies: started
  Installing backend dependencies: finished with status 'done'
  Preparing metadata (pyproject.toml): started
  Preparing metadata (pyproject.toml): finished with status 'done'
Collecting PyGObject
  Downloading pygobject-3.56.0.tar.gz (1.4 MB)
     ━━━━━━━━━━━━━━━━━━━━━━━━━━━━━━━━━━━━━━━━ 1.4/1.4 MB 70.8 MB/s  0:00:00
  Installing build dependencies: started
  Installing build dependencies: finished with status 'done'
  Getting requirements to build wheel: started
  Getting requirements to build wheel: finished with status 'done'
  Installing backend dependencies: started
  Installing backend dependencies: finished with status 'done'
  Preparing metadata (pyproject.toml): started
  Preparing metadata (pyproject.toml): finished with status 'done'
Collecting paramiko
  Downloading paramiko-4.0.0-py3-none-any.whl.metadata (3.9 kB)
Collecting cryptography
  Downloading cryptography-46.0.5-cp311-abi3-manylinux_2_34_x86_64.whl.metadata (5.7 kB)
Collecting pyopenssl
  Downloading pyopenssl-25.3.0-py3-none-any.whl.metadata (17 kB)
Collecting lz4
  Downloading lz4-4.4.5-cp313-cp313-manylinux2014_x86_64.manylinux_2_17_x86_64.manylinux_2_28_x86_64.whl.metadata (3.8 kB)
Collecting pillow
  Downloading pillow-12.1.1-cp313-cp313-manylinux_2_27_x86_64.manylinux_2_28_x86_64.whl.metadata (8.8 kB)
Collecting pyopengl
  Downloading pyopengl-3.1.10-py3-none-any.whl.metadata (3.3 kB)
Collecting pyopengl-accelerate
  Downloading pyopengl_accelerate-3.1.10-cp313-cp313-manylinux2014_x86_64.manylinux_2_17_x86_64.manylinux_2_28_x86_64.whl.metadata (3.9 kB)
Collecting netifaces
  Downloading netifaces-0.11.0.tar.gz (30 kB)
  Installing build dependencies: started
  Installing build dependencies: finished with status 'done'
  Getting requirements to build wheel: started
  Getting requirements to build wheel: finished with status 'done'
  Preparing metadata (pyproject.toml): started
  Preparing metadata (pyproject.toml): finished with status 'done'
Collecting zeroconf
  Downloading zeroconf-0.148.0-cp313-cp313-manylinux_2_36_x86_64.whl.metadata (6.3 kB)
Collecting bcrypt>=3.2 (from paramiko)
  Downloading bcrypt-5.0.0-cp39-abi3-manylinux_2_34_x86_64.whl.metadata (10 kB)
Collecting invoke>=2.0 (from paramiko)
  Downloading invoke-2.2.1-py3-none-any.whl.metadata (3.3 kB)
Collecting pynacl>=1.5 (from paramiko)
  Downloading pynacl-1.6.2-cp38-abi3-manylinux_2_34_x86_64.whl.metadata (10.0 kB)
Collecting cffi>=2.0.0 (from cryptography)
  Downloading cffi-2.0.0-cp313-cp313-manylinux2014_x86_64.manylinux_2_17_x86_64.whl.metadata (2.6 kB)
Collecting ifaddr>=0.1.7 (from zeroconf)
  Downloading ifaddr-0.2.0-py3-none-any.whl.metadata (4.9 kB)
Collecting pycparser (from cffi>=2.0.0->cryptography)
  Downloading pycparser-3.0-py3-none-any.whl.metadata (8.2 kB)
Downloading paramiko-4.0.0-py3-none-any.whl (223 kB)
Downloading cryptography-46.0.5-cp311-abi3-manylinux_2_34_x86_64.whl (4.5 MB)
   ━━━━━━━━━━━━━━━━━━━━━━━━━━━━━━━━━━━━━━━━ 4.5/4.5 MB 104.3 MB/s  0:00:00
Downloading pyopenssl-25.3.0-py3-none-any.whl (57 kB)
Downloading lz4-4.4.5-cp313-cp313-manylinux2014_x86_64.manylinux_2_17_x86_64.manylinux_2_28_x86_64.whl (1.4 MB)
   ━━━━━━━━━━━━━━━━━━━━━━━━━━━━━━━━━━━━━━━━ 1.4/1.4 MB 95.9 MB/s  0:00:00
Downloading pillow-12.1.1-cp313-cp313-manylinux_2_27_x86_64.manylinux_2_28_x86_64.whl (7.0 MB)
   ━━━━━━━━━━━━━━━━━━━━━━━━━━━━━━━━━━━━━━━━ 7.0/7.0 MB 104.7 MB/s  0:00:00
Downloading pyopengl-3.1.10-py3-none-any.whl (3.2 MB)
   ━━━━━━━━━━━━━━━━━━━━━━━━━━━━━━━━━━━━━━━━ 3.2/3.2 MB 107.4 MB/s  0:00:00
Downloading pyopengl_accelerate-3.1.10-cp313-cp313-manylinux2014_x86_64.manylinux_2_17_x86_64.manylinux_2_28_x86_64.whl (3.1 MB)
   ━━━━━━━━━━━━━━━━━━━━━━━━━━━━━━━━━━━━━━━━ 3.1/3.1 MB 99.5 MB/s  0:00:00
Downloading zeroconf-0.148.0-cp313-cp313-manylinux_2_36_x86_64.whl (2.1 MB)
   ━━━━━━━━━━━━━━━━━━━━━━━━━━━━━━━━━━━━━━━━ 2.1/2.1 MB 102.5 MB/s  0:00:00
Downloading bcrypt-5.0.0-cp39-abi3-manylinux_2_34_x86_64.whl (278 kB)
Downloading cffi-2.0.0-cp313-cp313-manylinux2014_x86_64.manylinux_2_17_x86_64.whl (219 kB)
Downloading ifaddr-0.2.0-py3-none-any.whl (12 kB)
Downloading invoke-2.2.1-py3-none-any.whl (160 kB)
Downloading pynacl-1.6.2-cp38-abi3-manylinux_2_34_x86_64.whl (1.4 MB)
   ━━━━━━━━━━━━━━━━━━━━━━━━━━━━━━━━━━━━━━━━ 1.4/1.4 MB 85.9 MB/s  0:00:00
Downloading pycparser-3.0-py3-none-any.whl (48 kB)
Building wheels for collected packages: pycairo, PyGObject, netifaces
  Building wheel for pycairo (pyproject.toml): started
  Building wheel for pycairo (pyproject.toml): finished with status 'done'
  Created wheel for pycairo: filename=pycairo-1.29.0-cp313-cp313-linux_x86_64.whl size=318847 sha256=e4c8707ea6bc684e827bcb26656968b0987b7ee2d36e956f18688ce9ddbaa23c
  Stored in directory: /home/mj/.cache/pip/wheels/b4/d0/8f/2c0daa76a1e7257d9d7005911e351b6eb0fedb77b4e5426ada
  Building wheel for PyGObject (pyproject.toml): started
  Building wheel for PyGObject (pyproject.toml): finished with status 'done'
  Created wheel for PyGObject: filename=pygobject-3.56.0-cp313-cp313-linux_x86_64.whl size=857656 sha256=b04e7b105d7e502d486dc594e6d5ca84cf6089a9ffda86890358252345493205
  Stored in directory: /home/mj/.cache/pip/wheels/fd/58/4c/1d5494ebcbd6f22e82478962f28e57c0d5e0b24ea1bc0865c2
  Building wheel for netifaces (pyproject.toml): started
  Building wheel for netifaces (pyproject.toml): finished with status 'done'
  Created wheel for netifaces: filename=netifaces-0.11.0-cp313-cp313-linux_x86_64.whl size=38310 sha256=6b6ef09abd8d39efffce373f119363b5764e1833aa2262370054578975d8183c
  Stored in directory: /home/mj/.cache/pip/wheels/b6/30/e2/f47e3db48aecfc634b24146b62f520b4419b0bd90ef9ed1760
Successfully built pycairo PyGObject netifaces
Installing collected packages: pyopengl-accelerate, pyopengl, netifaces, ifaddr, zeroconf, pycparser, pycairo, pillow, lz4, invoke, bcrypt, PyGObject, cffi, pynacl, cryptography, pyopenssl, paramiko

Successfully installed PyGObject-3.56.0 bcrypt-5.0.0 cffi-2.0.0 cryptography-46.0.5 ifaddr-0.2.0 invoke-2.2.1 lz4-4.4.5 netifaces-0.11.0 paramiko-4.0.0 pillow-12.1.1 pycairo-1.29.0 pycparser-3.0 pynacl-1.6.2 pyopengl-3.1.10 pyopengl-accelerate-3.1.10 pyopenssl-25.3.0 zeroconf-0.148.0
Running: python3 setup.py install --prefix=/app --single-version-externally-managed --record=installed-files.txt
Warning: could not get branch information
'git describe --long --always --tags' failed with return code 128
# updated 'xpra/src_info.py' with:
BRANCH = 'unknown'
COMMIT = 'unknown'
LOCAL_MODIFICATIONS = 0
REVISION = 'unknown'
# updated 'xpra/build_info.py' with:
build = {'date': '2026-03-08', 'time': '23:05', 'machine': 'x86_64', 'cpu': 'AMD Ryzen 5 5600X 6-Core Processor', 'bit': '64bit', 'os': 'linux', 'type': '', 'python': '3.13.11', 'cython': '3.2.4', 'compiler': 'gcc (GCC) 15.2.0', 'nvcc': '', 'linker': 'GNU ld (GNU Binutils) 2.45.1'}
libs = {'vpx': '1.15.2', 'x11': '1.8.12', 'xrandr': '1.5.4', 'xtst': '1.2.5', 'xfixes': '6.0.2', 'xkbfile': '1.1.3', 'xcomposite': '0.4.6', 'xdamage': '1.1.6', 'xext': '1.3.6', 'gobject-introspection-1.0': '1.86.0', 'gtk+-3.0': '3.24.51', 'gtk+-x11-3.0': '3.24.51', 'python3': '3.13'}
python_libs = {'bcrypt': '5.0.0', 'cffi': '2.0.0', 'cryptography': '46.0.5', 'Cython': '3.2.4', 'ifaddr': '0.2.0', 'invoke': '2.2.1', 'lz4': '4.4.5', 'Mako': '1.3.10.dev0', 'Markdown': '3.10', 'MarkupSafe': '3.0.3', 'meson': '1.9.2', 'netifaces': '0.11.0', 'packaging': '25.0', 'paramiko': '4.0.0', 'pillow': '12.1.1', 'pycairo': '1.29.0', 'pycparser': '3.0', 'PyGObject': '3.56.0', 'PyNaCl': '1.6.2', 'PyOpenGL': '3.1.10', 'PyOpenGL-accelerate': '3.1.10', 'pyOpenSSL': '25.3.0', 'setuptools': '80.9.0', 'wheel': '0.46.1', 'zeroconf': '0.148.0'}
# updated 'xpra/build_info.py' with:
build = {'date': '2026-03-08', 'time': '23:05', 'machine': 'x86_64', 'cpu': 'AMD Ryzen 5 5600X 6-Core Processor', 'bit': '64bit', 'os': 'linux', 'type': '', 'python': '3.13.11', 'cython': '3.2.4', 'compiler': 'gcc (GCC) 15.2.0', 'nvcc': '', 'linker': 'GNU ld (GNU Binutils) 2.45.1'}
libs = {'vpx': '1.15.2', 'x11': '1.8.12', 'xrandr': '1.5.4', 'xtst': '1.2.5', 'xfixes': '6.0.2', 'xkbfile': '1.1.3', 'xcomposite': '0.4.6', 'xdamage': '1.1.6', 'xext': '1.3.6', 'gobject-introspection-1.0': '1.86.0', 'gtk+-3.0': '3.24.51', 'gtk+-x11-3.0': '3.24.51', 'python3': '3.13'}
python_libs = {'bcrypt': '5.0.0', 'cffi': '2.0.0', 'cryptography': '46.0.5', 'Cython': '3.2.4', 'ifaddr': '0.2.0', 'invoke': '2.2.1', 'lz4': '4.4.5', 'Mako': '1.3.10.dev0', 'Markdown': '3.10', 'MarkupSafe': '3.0.3', 'meson': '1.9.2', 'netifaces': '0.11.0', 'packaging': '25.0', 'paramiko': '4.0.0', 'pillow': '12.1.1', 'pycairo': '1.29.0', 'pycparser': '3.0', 'PyGObject': '3.56.0', 'PyNaCl': '1.6.2', 'PyOpenGL': '3.1.10', 'PyOpenGL-accelerate': '3.1.10', 'pyOpenSSL': '25.3.0', 'setuptools': '80.9.0', 'wheel': '0.46.1', 'zeroconf': '0.148.0'}
setup.py install --prefix=/app --single-version-externally-managed --record=installed-files.txt
Xpra version 6.4.3
Python version 3.13.11
ARCH=x86_64
INCLUDE_DIRS=['/usr/include']
build switches:
* Os                   : No
* PIC                  : Yes
* Xdummy               : Auto
* Xdummy_wrapper       : Auto
* amf                  : No
* amf_encoder          : No
* annotate             : No
* argb                 : Yes
* argb_encoder         : Yes
* audio                : Yes
* avif                 : Yes
* avif_decoder         : Yes
* avif_encoder         : Yes
* brotli               : Yes
* bundle_tests         : No
* cityhash             : No
* client               : Yes
* clipboard            : Yes
* codecs               : Yes
* csc_cython           : Yes
* csc_libyuv           : No
* cuda_kernels         : No
* cuda_rebuild         : Auto
* cython               : Yes
* cython_shared        : Yes
* cython_tracing       : No
* cythonize_more       : No
* data                 : Yes
* dbus                 : Yes
* debug                : No
* decoders             : Yes
* docs                 : Auto
* drm                  : Yes
* enc_x264             : No
* encoders             : Yes
* evdi                 : No
* example              : Yes
* gstreamer            : Yes
* gstreamer_audio      : Yes
* gstreamer_video      : Yes
* gtk3                 : Yes
* gtk_x11              : Yes
* http                 : Yes
* ism_ext              : Yes
* jpeg_decoder         : Yes
* jpeg_encoder         : Yes
* keyboard             : Yes
* lz4                  : Yes
* mdns                 : Yes
* mmap                 : Yes
* modules              : Yes
* netdev               : Yes
* notifications        : Yes
* nvdec                : No
* nvenc                : No
* nvfbc                : No
* nvidia               : Yes
* nvjpeg_decoder       : No
* nvjpeg_encoder       : No
* opengl               : Yes
* openh264             : No
* openh264_decoder     : No
* openh264_encoder     : No
* pam                  : No
* pandoc_lua           : Yes
* peercred             : No
* pillow               : Yes
* pillow_decoder       : Yes
* pillow_encoder       : Yes
* printing             : Yes
* proc                 : Yes
* proxy                : Yes
* pyglet_client        : No
* qrencode             : No
* qt6_client           : No
* quic                 : Yes
* rebuild              : Yes
* remote_encoder       : Yes
* rencodeplus          : Yes
* rfb                  : Yes
* scripts              : Yes
* sd_listen            : Yes
* server               : Yes
* service              : Yes
* shadow               : Yes
* spng_decoder         : No
* spng_encoder         : No
* ssh                  : Yes
* ssl                  : Yes
* strict               : No
* tests                : No
* tk_client            : No
* uinput               : Yes
* v4l2                 : Yes
* verbose              : No
* vpx                  : Yes
* vpx_decoder          : Yes
* vpx_encoder          : Yes
* vsock                : Yes
* warn                 : Yes
* wayland_client       : Yes
* wayland_server       : No
* webcam               : Yes
* webp                 : Yes
* webp_decoder         : Yes
* webp_encoder         : Yes
* websockets           : Yes
* websockets_browser_cookie : Yes
* win32_tools          : No
* x11                  : Yes
* xdg_open             : Yes
* xinput               : Yes
* yaml                 : Yes
found Cython version 3.2.4
CC=gcc
CPP=cpp
Traceback (most recent call last):
  File "/run/build/xpra/setup.py", line 2670, in <module>
    tace(client_ENABLED and gtk3_ENABLED, "xpra.gtk.cairo_image", "py3cairo",
    ~~~~^^^^^^^^^^^^^^^^^^^^^^^^^^^^^^^^^^^^^^^^^^^^^^^^^^^^^^^^^^^^^^^^^^^^^
         extra_compile_args=["-Wno-error=parentheses-equality"] if CC_is_clang() else [], optimize=3)
         ^^^^^^^^^^^^^^^^^^^^^^^^^^^^^^^^^^^^^^^^^^^^^^^^^^^^^^^^^^^^^^^^^^^^^^^^^^^^^^^^^^^^^^^^^^^^
  File "/run/build/xpra/setup.py", line 1152, in tace
    ace(*args, **kwargs)
    ~~~^^^^^^^^^^^^^^^^^
  File "/run/build/xpra/setup.py", line 1124, in ace
    pkgc = pkgconfig(*pkgconfig_names, optimize=optimize)
  File "/run/build/xpra/setup.py", line 1339, in exec_pkgconfig
    add_pkgconfig(kw, *pkgs_options)
    ~~~~~~~~~~~~~^^^^^^^^^^^^^^^^^^^
  File "/run/build/xpra/setup.py", line 1296, in add_pkgconfig
    raise ValueError("ERROR: call to %r failed (err=%s)" % (shlex.join(pkg_config_cmd), err))
ValueError: ERROR: call to 'pkg-config --libs py3cairo' failed (err=Package py3cairo was not found in the pkg-config search path.
Perhaps you should add the directory containing `py3cairo.pc'
to the PKG_CONFIG_PATH environment variable
Package 'py3cairo' not found
)
Error: module xpra: Child process exited with code 1
