Emptying app dir 'builddir'
Downloading sources
Downloading https://files.pythonhosted.org/packages/16/7f/d1b0c65b267a1463d752b324f11d3470e30889daefc4b9ec83029bfa30b5/meson_python-0.19.0-py3-none-any.whl
  % Total    % Received % Xferd  Average Speed   Time    Time     Time  Current
                                 Dload  Upload   Total   Spent    Left  Speed
  0     0    0     0    0     0      0      0 --:--:-- --:--:-- --:--:--     0100 28946  100 28946    0     0   623k      0 --:--:-- --:--:-- --:--:--  628k
Downloading https://files.pythonhosted.org/packages/1d/0b/da4851b1e2d9c40c9bd74c0abd94510a7d797da9ccde0a90e8953751ed4a/pyproject_metadata-0.11.0-py3-none-any.whl
100 22040  100 22040    0     0  6235k      0 --:--:-- --:--:-- --:--:-- 6235k
Starting build of org.xpra.Client
Cache hit for libXres, skipping build
Cache miss, checking out last cache hit
========================================================================
Building module python3-meson-python in /tmp/xpra-client-flatpak/org.xpra.Client/.flatpak-builder/build/python3-meson-python-1
========================================================================
Running: pip3 install --verbose --exists-action=i --no-index --find-links="file://${PWD}" --prefix=${FLATPAK_DEST} "meson-python" --no-build-isolation
Using pip 25.3 from /usr/lib/python3.13/site-packages/pip (python 3.13)
Looking in links: file:///run/build/python3-meson-python
Processing ./meson_python-0.19.0-py3-none-any.whl
Requirement already satisfied: meson>=1.2.3 in /usr/lib/python3.13/site-packages (from meson-python) (1.9.2)
Requirement already satisfied: packaging>=23.2 in /usr/lib/python3.13/site-packages (from meson-python) (25.0)
Processing ./pyproject_metadata-0.11.0-py3-none-any.whl (from meson-python)
Installing collected packages: pyproject-metadata, meson-python

Successfully installed meson-python-0.19.0 pyproject-metadata-0.11.0
Committing stage build-python3-meson-python to cache
========================================================================
Building module python3-pycairo in /tmp/xpra-client-flatpak/org.xpra.Client/.flatpak-builder/build/python3-pycairo-2
========================================================================
Running: pip3 install --verbose --exists-action=i --no-index --find-links="file://${PWD}" --prefix=${FLATPAK_DEST} "pycairo" --no-build-isolation
Using pip 25.3 from /usr/lib/python3.13/site-packages/pip (python 3.13)
Looking in links: file:///run/build/python3-pycairo
Processing ./pycairo-1.29.0.tar.gz
  Preparing metadata (pyproject.toml): started
  Running command Preparing metadata (pyproject.toml)
  + meson setup /tmp/pip-install-6ctnc_z0/pycairo_1a18c50307e5477794a0f79e139f850f /tmp/pip-install-6ctnc_z0/pycairo_1a18c50307e5477794a0f79e139f850f/.mesonpy-p0i773c4 -Dbuildtype=release -Db_ndebug=if-release -Db_vscrt=md -Dwheel=true -Dtests=false --native-file=/tmp/pip-install-6ctnc_z0/pycairo_1a18c50307e5477794a0f79e139f850f/.mesonpy-p0i773c4/meson-python-native-file.ini
  The Meson build system
  Version: 1.9.2
  Source dir: /tmp/pip-install-6ctnc_z0/pycairo_1a18c50307e5477794a0f79e139f850f
  Build dir: /tmp/pip-install-6ctnc_z0/pycairo_1a18c50307e5477794a0f79e139f850f/.mesonpy-p0i773c4
  Build type: native build
  Project name: pycairo
  Project version: 1.29.0
  C compiler for the host machine: ccache cc (gcc 15.2.0 "cc (GCC) 15.2.0")
  C linker for the host machine: cc ld.bfd 2.45.1
  Host machine cpu family: x86_64
  Host machine cpu: x86_64
  Program python3 found: YES (/usr/bin/python)
  Compiler for C supports arguments -Wall: YES
  Compiler for C supports arguments -Warray-bounds: YES
  Compiler for C supports arguments -Wcast-align: YES
  Compiler for C supports arguments -Wconversion: YES
  Compiler for C supports arguments -Wextra: YES
  Compiler for C supports arguments -Wformat=2: YES
  Compiler for C supports arguments -Wformat-nonliteral: YES
  Compiler for C supports arguments -Wformat-security: YES
  Compiler for C supports arguments -Wimplicit-function-declaration: YES
  Compiler for C supports arguments -Winit-self: YES
  Compiler for C supports arguments -Wmissing-format-attribute: YES
  Compiler for C supports arguments -Wmissing-noreturn: YES
  Compiler for C supports arguments -Wnested-externs: YES
  Compiler for C supports arguments -Wold-style-definition: YES
  Compiler for C supports arguments -Wpacked: YES
  Compiler for C supports arguments -Wpointer-arith: YES
  Compiler for C supports arguments -Wreturn-type: YES
  Compiler for C supports arguments -Wshadow: YES
  Compiler for C supports arguments -Wsign-compare: YES
  Compiler for C supports arguments -Wstrict-aliasing: YES
  Compiler for C supports arguments -Wundef: YES
  Compiler for C supports arguments -Wunused-but-set-variable: YES
  Compiler for C supports arguments -Wswitch-default: YES
  Compiler for C supports arguments -Wno-missing-field-initializers: YES
  Compiler for C supports arguments -Wno-unused-parameter: YES
  Compiler for C supports arguments -fno-strict-aliasing: YES
  Compiler for C supports arguments -fvisibility=hidden: YES
  Found pkg-config: YES (/usr/bin/pkg-config) 2.5.1
  Run-time dependency cairo found: YES 1.18.4
  Run-time dependency python found: YES 3.13
  Build targets in project: 4

  pycairo 1.29.0

    User defined options
      Native files: /tmp/pip-install-6ctnc_z0/pycairo_1a18c50307e5477794a0f79e139f850f/.mesonpy-p0i773c4/meson-python-native-file.ini
      b_ndebug    : if-release
      b_vscrt     : md
      buildtype   : release
      tests       : false
      wheel       : true

  Found ninja-1.13.2 at /usr/bin/ninja
  + /usr/bin/ninja
  [1/21] Compiling C object cairo/_cairo.cpython-313-x86_64-linux-gnu.so.p/bufferproxy.c.o
  [2/21] Compiling C object cairo/_cairo.cpython-313-x86_64-linux-gnu.so.p/error.c.o
  [3/21] Compiling C object cairo/_cairo.cpython-313-x86_64-linux-gnu.so.p/rectangle.c.o
  [4/21] Compiling C object cairo/_cairo.cpython-313-x86_64-linux-gnu.so.p/matrix.c.o
  [5/21] Compiling C object cairo/_cairo.cpython-313-x86_64-linux-gnu.so.p/misc.c.o
  [6/21] Compiling C object cairo/_cairo.cpython-313-x86_64-linux-gnu.so.p/path.c.o
  [7/21] Compiling C object cairo/_cairo.cpython-313-x86_64-linux-gnu.so.p/glyph.c.o
  [8/21] Compiling C object cairo/_cairo.cpython-313-x86_64-linux-gnu.so.p/cairomodule.c.o
  [9/21] Copying file cairo/__init__.py
  [10/21] Copying file cairo/py.typed
  [11/21] Compiling C object cairo/_cairo.cpython-313-x86_64-linux-gnu.so.p/device.c.o
  [12/21] Copying file cairo/__init__.pyi
  [13/21] Compiling C object cairo/_cairo.cpython-313-x86_64-linux-gnu.so.p/pattern.c.o
  [14/21] Compiling C object cairo/_cairo.cpython-313-x86_64-linux-gnu.so.p/region.c.o
  [15/21] Compiling C object cairo/_cairo.cpython-313-x86_64-linux-gnu.so.p/font.c.o
  [16/21] Compiling C object cairo/_cairo.cpython-313-x86_64-linux-gnu.so.p/enums.c.o
  [17/21] Compiling C object cairo/_cairo.cpython-313-x86_64-linux-gnu.so.p/textcluster.c.o
  [18/21] Compiling C object cairo/_cairo.cpython-313-x86_64-linux-gnu.so.p/textextents.c.o
  [19/21] Compiling C object cairo/_cairo.cpython-313-x86_64-linux-gnu.so.p/context.c.o
  [20/21] Compiling C object cairo/_cairo.cpython-313-x86_64-linux-gnu.so.p/surface.c.o
  [21/21] Linking target cairo/_cairo.cpython-313-x86_64-linux-gnu.so
  [1/5] /tmp/pip-install-6ctnc_z0/pycairo_1a18c50307e5477794a0f79e139f850f/.mesonpy-p0i773c4/cairo/_cairo.cpython-313-x86_64-linux-gnu.so
  [2/5] /tmp/pip-install-6ctnc_z0/pycairo_1a18c50307e5477794a0f79e139f850f/cairo/__init__.py
  [3/5] /tmp/pip-install-6ctnc_z0/pycairo_1a18c50307e5477794a0f79e139f850f/cairo/__init__.pyi
  [4/5] /tmp/pip-install-6ctnc_z0/pycairo_1a18c50307e5477794a0f79e139f850f/cairo/py.typed
  [5/5] /tmp/pip-install-6ctnc_z0/pycairo_1a18c50307e5477794a0f79e139f850f/cairo/py3cairo.h
  Preparing metadata (pyproject.toml): finished with status 'done'
Building wheels for collected packages: pycairo
  Building wheel for pycairo (pyproject.toml): started
  Running command Building wheel for pycairo (pyproject.toml)
  Building wheel for pycairo (pyproject.toml): finished with status 'done'
  Created wheel for pycairo: filename=pycairo-1.29.0-cp313-cp313-linux_x86_64.whl size=318848 sha256=9f2a8437b2136f26a835f51e40230631939f1e69b29f4c102ea94e4a3a834bd5
  Stored in directory: /home/mj/.cache/pip/wheels/96/9e/3f/f9c8fa56f6780c2a3226abf81919beb4249d72b8f557eb2819
Successfully built pycairo
Installing collected packages: pycairo
Successfully installed pycairo-1.29.0
compressing debuginfo in: /tmp/xpra-client-flatpak/org.xpra.Client/.flatpak-builder/rofiles/rofiles-u2pHS7/files/lib/python3.13/site-packages/cairo/_cairo.cpython-313-x86_64-linux-gnu.so
processing: /tmp/xpra-client-flatpak/org.xpra.Client/.flatpak-builder/rofiles/rofiles-u2pHS7/files/lib/python3.13/site-packages/cairo/_cairo.cpython-313-x86_64-linux-gnu.so
[28] .debug_aranges compressed -> .zdebug_aranges (960 => 284 29.58%)
[29] .debug_info compressed -> .zdebug_info (252537 => 117966 46.71%)
[30] .debug_abbrev compressed -> .zdebug_abbrev (21476 => 4831 22.49%)
[31] .debug_line compressed -> .zdebug_line (62626 => 18922 30.21%)
[32] .debug_str compressed -> .zdebug_str (29284 => 8872 30.30%)
[33] .debug_line_str compressed -> .zdebug_line_str (1217 => 549 45.11%)
[34] .debug_loclists compressed -> .zdebug_loclists (57869 => 29436 50.87%)
[35] .debug_rnglists compressed -> .zdebug_rnglists (4393 => 3256 74.12%)
[38] Updating section string table
stripping /tmp/xpra-client-flatpak/org.xpra.Client/.flatpak-builder/rofiles/rofiles-u2pHS7/files/lib/python3.13/site-packages/cairo/_cairo.cpython-313-x86_64-linux-gnu.so to /tmp/xpra-client-flatpak/org.xpra.Client/.flatpak-builder/rofiles/rofiles-u2pHS7/files/lib/debug/lib/python3.13/site-packages/cairo/_cairo.cpython-313-x86_64-linux-gnu.so.debug
Committing stage build-python3-pycairo to cache
========================================================================
Building module python3-PyGObject in /tmp/xpra-client-flatpak/org.xpra.Client/.flatpak-builder/build/python3-PyGObject-1
========================================================================
Running: pip3 install --verbose --exists-action=i --no-index --find-links="file://${PWD}" --prefix=${FLATPAK_DEST} "PyGObject" --no-build-isolation
Using pip 25.3 from /usr/lib/python3.13/site-packages/pip (python 3.13)
Looking in links: file:///run/build/python3-PyGObject
Processing ./pygobject-3.56.0.tar.gz
  Preparing metadata (pyproject.toml): started
  Running command Preparing metadata (pyproject.toml)
  + meson setup /tmp/pip-install-cuqf_ozb/pygobject_b0f121a7d0b9494b8758833350a70ddc /tmp/pip-install-cuqf_ozb/pygobject_b0f121a7d0b9494b8758833350a70ddc/.mesonpy-2ghv_rhp -Dbuildtype=release -Db_ndebug=if-release -Db_vscrt=md -Dtests=false -Dwheel=true --wrap-mode=nofallback --native-file=/tmp/pip-install-cuqf_ozb/pygobject_b0f121a7d0b9494b8758833350a70ddc/.mesonpy-2ghv_rhp/meson-python-native-file.ini
  The Meson build system
  Version: 1.9.2
  Source dir: /tmp/pip-install-cuqf_ozb/pygobject_b0f121a7d0b9494b8758833350a70ddc
  Build dir: /tmp/pip-install-cuqf_ozb/pygobject_b0f121a7d0b9494b8758833350a70ddc/.mesonpy-2ghv_rhp
  Build type: native build
  Project name: pygobject
  Project version: 3.56.0
  C compiler for the host machine: ccache cc (gcc 15.2.0 "cc (GCC) 15.2.0")
  C linker for the host machine: cc ld.bfd 2.45.1
  Host machine cpu family: x86_64
  Host machine cpu: x86_64
  Program python3 found: YES (/usr/bin/python)
  Found pkg-config: YES (/usr/bin/pkg-config) 2.5.1
  Run-time dependency python found: YES 3.13
  Run-time dependency girepository-2.0 found: YES 2.84.4
  Run-time dependency glib-2.0 found: YES 2.84.4
  Run-time dependency gobject-2.0 found: YES 2.84.4
  Run-time dependency gio-2.0 found: YES 2.84.4
  Run-time dependency libffi found: YES 3.5.2

  Executing subproject pythoncapi-compat

  pythoncapi-compat| Project name: pythoncapi-compat
  pythoncapi-compat| Project version: undefined
  pythoncapi-compat| C compiler for the host machine: ccache cc (gcc 15.2.0 "cc (GCC) 15.2.0")
  pythoncapi-compat| C linker for the host machine: cc ld.bfd 2.45.1
  pythoncapi-compat| Build targets in project: 0
  pythoncapi-compat| Subproject pythoncapi-compat finished.

  Run-time dependency cairo found: YES 1.18.4
  Run-time dependency cairo-gobject found: YES 1.18.4
  Message: Found pycairo with target Python: /app/lib/python3.13/site-packages/cairo/include
  Compiler for C supports arguments -Wall: YES
  Compiler for C supports arguments -Warray-bounds: YES
  Compiler for C supports arguments -Wcast-align: YES
  Compiler for C supports arguments -Wconversion: YES
  Compiler for C supports arguments -Wduplicated-branches: YES
  Compiler for C supports arguments -Wextra: YES
  Compiler for C supports arguments -Wformat=2: YES
  Compiler for C supports arguments -Wformat-nonliteral: YES
  Compiler for C supports arguments -Wformat-security: YES
  Compiler for C supports arguments -Wimplicit-function-declaration: YES
  Compiler for C supports arguments -Winit-self: YES
  Compiler for C supports arguments -Wjump-misses-init: YES
  Compiler for C supports arguments -Wlogical-op: YES
  Compiler for C supports arguments -Wmissing-declarations: YES
  Compiler for C supports arguments -Wmissing-format-attribute: YES
  Compiler for C supports arguments -Wmissing-include-dirs: YES
  Compiler for C supports arguments -Wmissing-noreturn: YES
  Compiler for C supports arguments -Wmissing-prototypes: YES
  Compiler for C supports arguments -Wnull-dereference: YES
  Compiler for C supports arguments -Wold-style-definition: YES
  Compiler for C supports arguments -Wpacked: YES
  Compiler for C supports arguments -Wpointer-arith: YES
  Compiler for C supports arguments -Wrestrict: YES
  Compiler for C supports arguments -Wreturn-type: YES
  Compiler for C supports arguments -Wshadow: YES
  Compiler for C supports arguments -Wsign-compare: YES
  Compiler for C supports arguments -Wstrict-aliasing: YES
  Compiler for C supports arguments -Wstrict-prototypes: YES
  Compiler for C supports arguments -Wswitch-default: YES
  Compiler for C supports arguments -Wswitch-enum: YES
  Compiler for C supports arguments -Wundef: YES
  Compiler for C supports arguments -Wunused-but-set-variable: YES
  Compiler for C supports arguments -Wwrite-strings: YES
  Compiler for C supports arguments -Wno-incompatible-pointer-types-discards-qualifiers: NO
  Compiler for C supports arguments -Wno-missing-field-initializers: YES
  Compiler for C supports arguments -Wno-unused-parameter: YES
  Compiler for C supports arguments -Wno-discarded-qualifiers: YES
  Compiler for C supports arguments -Wno-sign-conversion: YES
  Compiler for C supports arguments -Wno-cast-function-type: YES
  Compiler for C supports arguments -fno-strict-aliasing: YES
  Compiler for C supports arguments -fvisibility=hidden: YES
  Configuring config.h using configuration
  Configuring config.h using configuration
  Build targets in project: 2

  pygobject 3.56.0

    Subprojects
      pythoncapi-compat: YES

    User defined options
      Native files     : /tmp/pip-install-cuqf_ozb/pygobject_b0f121a7d0b9494b8758833350a70ddc/.mesonpy-2ghv_rhp/meson-python-native-file.ini
      b_ndebug         : if-release
      b_vscrt          : md
      buildtype        : release
      tests            : false
      wheel            : true
      wrap_mode        : nofallback

  Found ninja-1.13.2 at /usr/bin/ninja
  + /usr/bin/ninja
  [1/46] Compiling C object gi/_gi.cpython-313-x86_64-linux-gnu.so.p/pygpointer.c.o
  [2/46] Compiling C object gi/_gi.cpython-313-x86_64-linux-gnu.so.p/pyginterface.c.o
  [3/46] Compiling C object gi/_gi.cpython-313-x86_64-linux-gnu.so.p/pygi-foreign.c.o
  [4/46] Compiling C object gi/_gi.cpython-313-x86_64-linux-gnu.so.p/pygboxed.c.o
  [5/46] Compiling C object gi/_gi.cpython-313-x86_64-linux-gnu.so.p/pygobject-props.c.o
  [6/46] Compiling C object gi/_gi.cpython-313-x86_64-linux-gnu.so.p/pygenum.c.o
  [7/46] Compiling C object gi/_gi.cpython-313-x86_64-linux-gnu.so.p/pygi-capi.c.o
  [8/46] Compiling C object gi/_gi.cpython-313-x86_64-linux-gnu.so.p/pygflags.c.o
  [9/46] Compiling C object gi/_gi.cpython-313-x86_64-linux-gnu.so.p/pygobject-class.c.o
  [10/46] Compiling C object gi/_gi.cpython-313-x86_64-linux-gnu.so.p/pygspawn.c.o
  [11/46] Compiling C object gi/_gi.cpython-313-x86_64-linux-gnu.so.p/pygi-repository.c.o
  [12/46] Compiling C object gi/_gi.cpython-313-x86_64-linux-gnu.so.p/gimodule.c.o
  [13/46] Compiling C object gi/_gi.cpython-313-x86_64-linux-gnu.so.p/pygobject-object.c.o
  [14/46] Compiling C object gi/_gi.cpython-313-x86_64-linux-gnu.so.p/pygi-struct.c.o
  [15/46] Compiling C object gi/_gi.cpython-313-x86_64-linux-gnu.so.p/pygi-argument.c.o
  [16/46] Compiling C object gi/_gi.cpython-313-x86_64-linux-gnu.so.p/pygi-source.c.o
  [17/46] Compiling C object gi/_gi.cpython-313-x86_64-linux-gnu.so.p/pygi-resulttuple.c.o
  [18/46] Compiling C object gi/_gi.cpython-313-x86_64-linux-gnu.so.p/pygi-boxed.c.o
  [19/46] Compiling C object gi/_gi.cpython-313-x86_64-linux-gnu.so.p/pygi-util.c.o
  [20/46] Compiling C object gi/_gi.cpython-313-x86_64-linux-gnu.so.p/pygi-ccallback.c.o
  [21/46] Compiling C object gi/_gi.cpython-313-x86_64-linux-gnu.so.p/pygi-info.c.o
  [22/46] Compiling C object gi/_gi.cpython-313-x86_64-linux-gnu.so.p/pygi-async.c.o
  [23/46] Compiling C object gi/_gi.cpython-313-x86_64-linux-gnu.so.p/pygi-closure.c.o
  [24/46] Compiling C object gi/_gi.cpython-313-x86_64-linux-gnu.so.p/pygi-property.c.o
  [25/46] Compiling C object gi/_gi.cpython-313-x86_64-linux-gnu.so.p/pygi-signal-closure.c.o
  [26/46] Compiling C object gi/_gi.cpython-313-x86_64-linux-gnu.so.p/pygi-type.c.o
  [27/46] Compiling C object gi/_gi.cpython-313-x86_64-linux-gnu.so.p/pygi-cache-closure.c.o
  [28/46] Compiling C object gi/_gi.cpython-313-x86_64-linux-gnu.so.p/pygi-cache-basic.c.o
  [29/46] Compiling C object gi/_gi.cpython-313-x86_64-linux-gnu.so.p/pygi-invoke.c.o
  [30/46] Compiling C object gi/_gi.cpython-313-x86_64-linux-gnu.so.p/pygi-cache-error.c.o
  [31/46] Compiling C object gi/_gi.cpython-313-x86_64-linux-gnu.so.p/pygi-cache.c.o
  [32/46] Compiling C object gi/_gi.cpython-313-x86_64-linux-gnu.so.p/pygi-cache-enum.c.o
  [33/46] Compiling C object gi/_gi.cpython-313-x86_64-linux-gnu.so.p/pygi-cache-array.c.o
  [34/46] Compiling C object gi/_gi.cpython-313-x86_64-linux-gnu.so.p/pygi-cache-interface.c.o
  [35/46] Compiling C object gi/_gi.cpython-313-x86_64-linux-gnu.so.p/pygi-marshal-cleanup.c.o
  [36/46] Compiling C object gi/_gi.cpython-313-x86_64-linux-gnu.so.p/pygi-cache-hashtable.c.o
  [37/46] Compiling C object gi/_gi.cpython-313-x86_64-linux-gnu.so.p/pygi-cache-object.c.o
  [38/46] Compiling C object gi/_gi.cpython-313-x86_64-linux-gnu.so.p/pygi-cache-list.c.o
  [39/46] Compiling C object gi/_gi.cpython-313-x86_64-linux-gnu.so.p/pygi-cache-struct.c.o
  [40/46] Compiling C object gi/_gi.cpython-313-x86_64-linux-gnu.so.p/pygi-error.c.o
  [41/46] Compiling C object gi/_gi.cpython-313-x86_64-linux-gnu.so.p/pygi-fundamental.c.o
  [42/46] Compiling C object gi/_gi.cpython-313-x86_64-linux-gnu.so.p/pygi-value.c.o
  [43/46] Compiling C object gi/_gi_cairo.cpython-313-x86_64-linux-gnu.so.p/pygi-foreign-cairo.c.o
  [44/46] Compiling C object gi/_gi.cpython-313-x86_64-linux-gnu.so.p/pygi-basictype.c.o
  [45/46] Linking target gi/_gi_cairo.cpython-313-x86_64-linux-gnu.so
  [46/46] Linking target gi/_gi.cpython-313-x86_64-linux-gnu.so
  [1/30] /tmp/pip-install-cuqf_ozb/pygobject_b0f121a7d0b9494b8758833350a70ddc/.mesonpy-2ghv_rhp/gi/_gi.cpython-313-x86_64-linux-gnu.so
  [2/30] /tmp/pip-install-cuqf_ozb/pygobject_b0f121a7d0b9494b8758833350a70ddc/.mesonpy-2ghv_rhp/gi/_gi_cairo.cpython-313-x86_64-linux-gnu.so
  [3/30] /tmp/pip-install-cuqf_ozb/pygobject_b0f121a7d0b9494b8758833350a70ddc/gi/events.py
  [4/30] /tmp/pip-install-cuqf_ozb/pygobject_b0f121a7d0b9494b8758833350a70ddc/gi/_constants.py
  [5/30] /tmp/pip-install-cuqf_ozb/pygobject_b0f121a7d0b9494b8758833350a70ddc/gi/docstring.py
  [6/30] /tmp/pip-install-cuqf_ozb/pygobject_b0f121a7d0b9494b8758833350a70ddc/gi/_enum.py
  [7/30] /tmp/pip-install-cuqf_ozb/pygobject_b0f121a7d0b9494b8758833350a70ddc/gi/_error.py
  [8/30] /tmp/pip-install-cuqf_ozb/pygobject_b0f121a7d0b9494b8758833350a70ddc/gi/_gtktemplate.py
  [9/30] /tmp/pip-install-cuqf_ozb/pygobject_b0f121a7d0b9494b8758833350a70ddc/gi/importer.py
  [10/30] /tmp/pip-install-cuqf_ozb/pygobject_b0f121a7d0b9494b8758833350a70ddc/gi/__init__.py
  [11/30] /tmp/pip-install-cuqf_ozb/pygobject_b0f121a7d0b9494b8758833350a70ddc/gi/module.py
  [12/30] /tmp/pip-install-cuqf_ozb/pygobject_b0f121a7d0b9494b8758833350a70ddc/gi/_ossighelper.py
  [13/30] /tmp/pip-install-cuqf_ozb/pygobject_b0f121a7d0b9494b8758833350a70ddc/gi/_propertyhelper.py
  [14/30] /tmp/pip-install-cuqf_ozb/pygobject_b0f121a7d0b9494b8758833350a70ddc/gi/_signalhelper.py
  [15/30] /tmp/pip-install-cuqf_ozb/pygobject_b0f121a7d0b9494b8758833350a70ddc/gi/_signature.py
  [16/30] /tmp/pip-install-cuqf_ozb/pygobject_b0f121a7d0b9494b8758833350a70ddc/gi/types.py
  [17/30] /tmp/pip-install-cuqf_ozb/pygobject_b0f121a7d0b9494b8758833350a70ddc/gi/overrides/GLib.py
  [18/30] /tmp/pip-install-cuqf_ozb/pygobject_b0f121a7d0b9494b8758833350a70ddc/gi/overrides/GLibUnix.py
  [19/30] /tmp/pip-install-cuqf_ozb/pygobject_b0f121a7d0b9494b8758833350a70ddc/gi/overrides/Gtk.py
  [20/30] /tmp/pip-install-cuqf_ozb/pygobject_b0f121a7d0b9494b8758833350a70ddc/gi/overrides/Gdk.py
  [21/30] /tmp/pip-install-cuqf_ozb/pygobject_b0f121a7d0b9494b8758833350a70ddc/gi/overrides/GdkPixbuf.py
  [22/30] /tmp/pip-install-cuqf_ozb/pygobject_b0f121a7d0b9494b8758833350a70ddc/gi/overrides/GObject.py
  [23/30] /tmp/pip-install-cuqf_ozb/pygobject_b0f121a7d0b9494b8758833350a70ddc/gi/overrides/Gio.py
  [24/30] /tmp/pip-install-cuqf_ozb/pygobject_b0f121a7d0b9494b8758833350a70ddc/gi/overrides/GioUnix.py
  [25/30] /tmp/pip-install-cuqf_ozb/pygobject_b0f121a7d0b9494b8758833350a70ddc/gi/overrides/GIMarshallingTests.py
  [26/30] /tmp/pip-install-cuqf_ozb/pygobject_b0f121a7d0b9494b8758833350a70ddc/gi/overrides/Pango.py
  [27/30] /tmp/pip-install-cuqf_ozb/pygobject_b0f121a7d0b9494b8758833350a70ddc/gi/overrides/__init__.py
  [28/30] /tmp/pip-install-cuqf_ozb/pygobject_b0f121a7d0b9494b8758833350a70ddc/gi/repository/__init__.py
  [29/30] /tmp/pip-install-cuqf_ozb/pygobject_b0f121a7d0b9494b8758833350a70ddc/gi/pygobject.h
  [30/30] /tmp/pip-install-cuqf_ozb/pygobject_b0f121a7d0b9494b8758833350a70ddc/gi/pygobject-types.h
  Preparing metadata (pyproject.toml): finished with status 'done'
Requirement already satisfied: pycairo>=1.16 in /app/lib/python3.13/site-packages (from PyGObject) (1.29.0)
Building wheels for collected packages: PyGObject
  Building wheel for PyGObject (pyproject.toml): started
  Running command Building wheel for PyGObject (pyproject.toml)
  Building wheel for PyGObject (pyproject.toml): finished with status 'done'
  Created wheel for PyGObject: filename=pygobject-3.56.0-cp313-cp313-linux_x86_64.whl size=857626 sha256=277e0e0de458c92314c383535caeaca4800105605b40076973d99fd8975d51b3
  Stored in directory: /home/mj/.cache/pip/wheels/46/c3/5c/a52e4d0caefdbfb3d8e22b707ba563df38c47a7a2c92eecc41
Successfully built PyGObject
Installing collected packages: PyGObject
Successfully installed PyGObject-3.56.0
compressing debuginfo in: /tmp/xpra-client-flatpak/org.xpra.Client/.flatpak-builder/rofiles/rofiles-u2pHS7/files/lib/python3.13/site-packages/gi/_gi.cpython-313-x86_64-linux-gnu.so
processing: /tmp/xpra-client-flatpak/org.xpra.Client/.flatpak-builder/rofiles/rofiles-u2pHS7/files/lib/python3.13/site-packages/gi/_gi.cpython-313-x86_64-linux-gnu.so
[28] .debug_aranges compressed -> .zdebug_aranges (2192 => 561 25.59%)
[29] .debug_info compressed -> .zdebug_info (694858 => 344915 49.64%)
[30] .debug_abbrev compressed -> .zdebug_abbrev (58474 => 11817 20.21%)
[31] .debug_line compressed -> .zdebug_line (188939 => 67504 35.73%)
[32] .debug_str compressed -> .zdebug_str (51493 => 16044 31.16%)
[33] .debug_line_str compressed -> .zdebug_line_str (3076 => 1086 35.31%)
[34] .debug_loclists compressed -> .zdebug_loclists (201339 => 93871 46.62%)
[35] .debug_rnglists compressed -> .zdebug_rnglists (19801 => 13555 68.46%)
[38] Updating section string table
stripping /tmp/xpra-client-flatpak/org.xpra.Client/.flatpak-builder/rofiles/rofiles-u2pHS7/files/lib/python3.13/site-packages/gi/_gi.cpython-313-x86_64-linux-gnu.so to /tmp/xpra-client-flatpak/org.xpra.Client/.flatpak-builder/rofiles/rofiles-u2pHS7/files/lib/debug/lib/python3.13/site-packages/gi/_gi.cpython-313-x86_64-linux-gnu.so.debug
compressing debuginfo in: /tmp/xpra-client-flatpak/org.xpra.Client/.flatpak-builder/rofiles/rofiles-u2pHS7/files/lib/python3.13/site-packages/gi/_gi_cairo.cpython-313-x86_64-linux-gnu.so
processing: /tmp/xpra-client-flatpak/org.xpra.Client/.flatpak-builder/rofiles/rofiles-u2pHS7/files/lib/python3.13/site-packages/gi/_gi_cairo.cpython-313-x86_64-linux-gnu.so
[27] .debug_aranges compressed -> .zdebug_aranges (176 => 77 43.75%)
[28] .debug_info compressed -> .zdebug_info (23987 => 12605 52.55%)
[29] .debug_abbrev compressed -> .zdebug_abbrev (1649 => 722 43.78%)
[30] .debug_line compressed -> .zdebug_line (5553 => 1891 34.05%)
[31] .debug_str compressed -> .zdebug_str (10294 => 4034 39.19%)
[32] .debug_line_str compressed -> .zdebug_line_str (935 => 433 46.31%)
[33] .debug_loclists compressed -> .zdebug_loclists (8308 => 3153 37.95%)
[34] .debug_rnglists compressed -> .zdebug_rnglists (449 => 323 71.94%)
[37] Updating section string table
stripping /tmp/xpra-client-flatpak/org.xpra.Client/.flatpak-builder/rofiles/rofiles-u2pHS7/files/lib/python3.13/site-packages/gi/_gi_cairo.cpython-313-x86_64-linux-gnu.so to /tmp/xpra-client-flatpak/org.xpra.Client/.flatpak-builder/rofiles/rofiles-u2pHS7/files/lib/debug/lib/python3.13/site-packages/gi/_gi_cairo.cpython-313-x86_64-linux-gnu.so.debug
Committing stage build-python3-PyGObject to cache
========================================================================
Building module python3-paramiko in /tmp/xpra-client-flatpak/org.xpra.Client/.flatpak-builder/build/python3-paramiko-1
========================================================================
Running: pip3 install --verbose --exists-action=i --no-index --find-links="file://${PWD}" --prefix=${FLATPAK_DEST} "paramiko" --no-build-isolation
Using pip 25.3 from /usr/lib/python3.13/site-packages/pip (python 3.13)
Looking in links: file:///run/build/python3-paramiko
Processing ./paramiko-4.0.0-py3-none-any.whl
Processing ./bcrypt-5.0.0.tar.gz (from paramiko)
  Preparing metadata (pyproject.toml): started
  Running command Preparing metadata (pyproject.toml)
  /usr/lib/python3.13/site-packages/setuptools/config/_apply_pyprojecttoml.py:82: SetuptoolsDeprecationWarning: `project.license` as a TOML table is deprecated
  !!

          ********************************************************************************
          Please use a simple string containing a SPDX expression for `project.license`. You can also use `project.license-files`. (Both options available on setuptools>=77.0.0).

          This deprecation is overdue, please update your project and remove deprecated
          calls to avoid build errors in the future.

          See https://packaging.python.org/en/latest/guides/writing-pyproject-toml/#license for details.
          ********************************************************************************

  !!
    corresp(dist, value, root_dir)
  /usr/lib/python3.13/site-packages/setuptools/config/_apply_pyprojecttoml.py:61: SetuptoolsDeprecationWarning: License classifiers are deprecated.
  !!

          ********************************************************************************
          Please consider removing the following classifiers in favor of a SPDX license expression:

          License :: OSI Approved :: Apache Software License

          See https://packaging.python.org/en/latest/guides/writing-pyproject-toml/#license for details.
          ********************************************************************************

  !!
    dist._finalize_license_expression()
  /usr/lib/python3.13/site-packages/setuptools/dist.py:759: SetuptoolsDeprecationWarning: License classifiers are deprecated.
  !!

          ********************************************************************************
          Please consider removing the following classifiers in favor of a SPDX license expression:

          License :: OSI Approved :: Apache Software License

          See https://packaging.python.org/en/latest/guides/writing-pyproject-toml/#license for details.
          ********************************************************************************

  !!
    self._finalize_license_expression()
  running dist_info
  creating /tmp/pip-modern-metadata-crw3izz4/bcrypt.egg-info
  writing /tmp/pip-modern-metadata-crw3izz4/bcrypt.egg-info/PKG-INFO
  writing dependency_links to /tmp/pip-modern-metadata-crw3izz4/bcrypt.egg-info/dependency_links.txt
  writing requirements to /tmp/pip-modern-metadata-crw3izz4/bcrypt.egg-info/requires.txt
  writing top-level names to /tmp/pip-modern-metadata-crw3izz4/bcrypt.egg-info/top_level.txt
  writing manifest file '/tmp/pip-modern-metadata-crw3izz4/bcrypt.egg-info/SOURCES.txt'
  reading manifest file '/tmp/pip-modern-metadata-crw3izz4/bcrypt.egg-info/SOURCES.txt'
  reading manifest template 'MANIFEST.in'
  warning: no previously-included files found matching 'requirements.txt'
  warning: no previously-included files found matching 'release.py'
  warning: no previously-included files found matching 'mypy.ini'
  warning: no previously-included files matching '*' found under directory '.github'
  warning: no previously-included files found matching 'src/_bcrypt/target'
  warning: no previously-included files matching '*' found under directory 'src/_bcrypt/target'
  adding license file 'LICENSE'
  writing manifest file '/tmp/pip-modern-metadata-crw3izz4/bcrypt.egg-info/SOURCES.txt'
  creating '/tmp/pip-modern-metadata-crw3izz4/bcrypt-5.0.0.dist-info'
  Preparing metadata (pyproject.toml): finished with status 'done'
Processing ./cryptography-46.0.5.tar.gz (from paramiko)
  Preparing metadata (pyproject.toml): started
  Running command Preparing metadata (pyproject.toml)
  Preparing metadata (pyproject.toml): finished with status 'done'
ERROR: Exception:
Traceback (most recent call last):
  File "/usr/lib/python3.13/site-packages/pip/_internal/cli/base_command.py", line 107, in _run_wrapper
    status = _inner_run()
  File "/usr/lib/python3.13/site-packages/pip/_internal/cli/base_command.py", line 98, in _inner_run
    return self.run(options, args)
           ~~~~~~~~^^^^^^^^^^^^^^^
  File "/usr/lib/python3.13/site-packages/pip/_internal/cli/req_command.py", line 85, in wrapper
    return func(self, options, args)
  File "/usr/lib/python3.13/site-packages/pip/_internal/commands/install.py", line 388, in run
    requirement_set = resolver.resolve(
        reqs, check_supported_wheels=not options.target_dir
    )
  File "/usr/lib/python3.13/site-packages/pip/_internal/resolution/resolvelib/resolver.py", line 99, in resolve
    result = self._result = resolver.resolve(
                            ~~~~~~~~~~~~~~~~^
        collected.requirements, max_rounds=limit_how_complex_resolution_can_be
        ^^^^^^^^^^^^^^^^^^^^^^^^^^^^^^^^^^^^^^^^^^^^^^^^^^^^^^^^^^^^^^^^^^^^^^
    )
    ^
  File "/usr/lib/python3.13/site-packages/pip/_vendor/resolvelib/resolvers/resolution.py", line 601, in resolve
    state = resolution.resolve(requirements, max_rounds=max_rounds)
  File "/usr/lib/python3.13/site-packages/pip/_vendor/resolvelib/resolvers/resolution.py", line 513, in resolve
    failure_criterion = self._attempt_to_pin_criterion(name)
  File "/usr/lib/python3.13/site-packages/pip/_vendor/resolvelib/resolvers/resolution.py", line 220, in _attempt_to_pin_criterion
    criteria = self._get_updated_criteria(candidate)
  File "/usr/lib/python3.13/site-packages/pip/_vendor/resolvelib/resolvers/resolution.py", line 211, in _get_updated_criteria
    self._add_to_criteria(criteria, requirement, parent=candidate)
    ~~~~~~~~~~~~~~~~~~~~~^^^^^^^^^^^^^^^^^^^^^^^^^^^^^^^^^^^^^^^^^
  File "/usr/lib/python3.13/site-packages/pip/_vendor/resolvelib/resolvers/resolution.py", line 150, in _add_to_criteria
    if not criterion.candidates:
           ^^^^^^^^^^^^^^^^^^^^
  File "/usr/lib/python3.13/site-packages/pip/_vendor/resolvelib/structs.py", line 194, in __bool__
    return bool(self._sequence)
  File "/usr/lib/python3.13/site-packages/pip/_internal/resolution/resolvelib/found_candidates.py", line 165, in __bool__
    self._bool = any(self)
                 ~~~^^^^^^
  File "/usr/lib/python3.13/site-packages/pip/_internal/resolution/resolvelib/found_candidates.py", line 149, in <genexpr>
    return (c for c in iterator if id(c) not in self._incompatible_ids)
                       ^^^^^^^^
  File "/usr/lib/python3.13/site-packages/pip/_internal/resolution/resolvelib/found_candidates.py", line 39, in _iter_built
    candidate = func()
  File "/usr/lib/python3.13/site-packages/pip/_internal/resolution/resolvelib/factory.py", line 180, in _make_candidate_from_link
    base: BaseCandidate | None = self._make_base_candidate_from_link(
                                 ~~~~~~~~~~~~~~~~~~~~~~~~~~~~~~~~~~~^
        link, template, name, version
        ^^^^^^^^^^^^^^^^^^^^^^^^^^^^^
    )
    ^
  File "/usr/lib/python3.13/site-packages/pip/_internal/resolution/resolvelib/factory.py", line 226, in _make_base_candidate_from_link
    self._link_candidate_cache[link] = LinkCandidate(
                                       ~~~~~~~~~~~~~^
        link,
        ^^^^^
    ...<3 lines>...
        version=version,
        ^^^^^^^^^^^^^^^^
    )
    ^
  File "/usr/lib/python3.13/site-packages/pip/_internal/resolution/resolvelib/candidates.py", line 318, in __init__
    super().__init__(
    ~~~~~~~~~~~~~~~~^
        link=link,
        ^^^^^^^^^^
    ...<4 lines>...
        version=version,
        ^^^^^^^^^^^^^^^^
    )
    ^
  File "/usr/lib/python3.13/site-packages/pip/_internal/resolution/resolvelib/candidates.py", line 161, in __init__
    self.dist = self._prepare()
                ~~~~~~~~~~~~~^^
  File "/usr/lib/python3.13/site-packages/pip/_internal/resolution/resolvelib/candidates.py", line 238, in _prepare
    dist = self._prepare_distribution()
  File "/usr/lib/python3.13/site-packages/pip/_internal/resolution/resolvelib/candidates.py", line 329, in _prepare_distribution
    return preparer.prepare_linked_requirement(self._ireq, parallel_builds=True)
           ~~~~~~~~~~~~~~~~~~~~~~~~~~~~~~~~~~~^^^^^^^^^^^^^^^^^^^^^^^^^^^^^^^^^^
  File "/usr/lib/python3.13/site-packages/pip/_internal/operations/prepare.py", line 543, in prepare_linked_requirement
    return self._prepare_linked_requirement(req, parallel_builds)
           ~~~~~~~~~~~~~~~~~~~~~~~~~~~~~~~~^^^^^^^^^^^^^^^^^^^^^^
  File "/usr/lib/python3.13/site-packages/pip/_internal/operations/prepare.py", line 658, in _prepare_linked_requirement
    dist = _get_prepared_distribution(
        req,
    ...<3 lines>...
        self.check_build_deps,
    )
  File "/usr/lib/python3.13/site-packages/pip/_internal/operations/prepare.py", line 77, in _get_prepared_distribution
    abstract_dist.prepare_distribution_metadata(
    ~~~~~~~~~~~~~~~~~~~~~~~~~~~~~~~~~~~~~~~~~~~^
        build_env_installer, build_isolation, check_build_deps
        ^^^^^^^^^^^^^^^^^^^^^^^^^^^^^^^^^^^^^^^^^^^^^^^^^^^^^^
    )
    ^
  File "/usr/lib/python3.13/site-packages/pip/_internal/distributions/sdist.py", line 71, in prepare_distribution_metadata
    self.req.prepare_metadata()
    ~~~~~~~~~~~~~~~~~~~~~~~~~^^
  File "/usr/lib/python3.13/site-packages/pip/_internal/req/req_install.py", line 530, in prepare_metadata
    self.metadata_directory = generate_metadata(
                              ~~~~~~~~~~~~~~~~~^
        build_env=self.build_env,
        ^^^^^^^^^^^^^^^^^^^^^^^^^
        backend=self.pep517_backend,
        ^^^^^^^^^^^^^^^^^^^^^^^^^^^^
        details=details,
        ^^^^^^^^^^^^^^^^
    )
    ^
  File "/usr/lib/python3.13/site-packages/pip/_internal/operations/build/metadata.py", line 34, in generate_metadata
    distinfo_dir = backend.prepare_metadata_for_build_wheel(metadata_dir)
  File "/usr/lib/python3.13/site-packages/pip/_internal/utils/misc.py", line 715, in prepare_metadata_for_build_wheel
    return super().prepare_metadata_for_build_wheel(
           ~~~~~~~~~~~~~~~~~~~~~~~~~~~~~~~~~~~~~~~~^
        metadata_directory=metadata_directory,
        ^^^^^^^^^^^^^^^^^^^^^^^^^^^^^^^^^^^^^^
        config_settings=cs,
        ^^^^^^^^^^^^^^^^^^^
        _allow_fallback=_allow_fallback,
        ^^^^^^^^^^^^^^^^^^^^^^^^^^^^^^^^
    )
    ^
  File "/usr/lib/python3.13/site-packages/pip/_vendor/pyproject_hooks/_impl.py", line 224, in prepare_metadata_for_build_wheel
    return self._call_hook(
           ~~~~~~~~~~~~~~~^
        "prepare_metadata_for_build_wheel",
        ^^^^^^^^^^^^^^^^^^^^^^^^^^^^^^^^^^^
    ...<4 lines>...
        },
        ^^
    )
    ^
  File "/usr/lib/python3.13/site-packages/pip/_vendor/pyproject_hooks/_impl.py", line 402, in _call_hook
    raise BackendUnavailable(
    ...<4 lines>...
    )
pip._vendor.pyproject_hooks._impl.BackendUnavailable: Cannot import 'maturin'
Error: module python3-paramiko: Child process exited with code 2
