Emptying app dir 'builddir'
Downloading sources
Starting build of org.xpra.Client
Cache hit for libXres, skipping build
Cache miss, checking out last cache hit
========================================================================
Building module xpra in /tmp/xpra-client-flatpak/org.xpra.Client/.flatpak-builder/build/xpra-3
========================================================================
Running: pip3 install --prefix=/app --no-build-isolation Cython
Requirement already satisfied: Cython in /usr/lib/python3.13/site-packages (3.2.4)
Running: pip3 install --prefix=/app --no-build-isolation pycairo PyGObject
Collecting pycairo
  Downloading pycairo-1.29.0.tar.gz (665 kB)
     ━━━━━━━━━━━━━━━━━━━━━━━━━━━━━━━━━━━━━━━━ 665.9/665.9 kB 36.3 MB/s  0:00:00
  Preparing metadata (pyproject.toml): started
  Preparing metadata (pyproject.toml): finished with status 'done'
ERROR: Exception:
Traceback (most recent call last):
  File "/usr/lib/python3.13/site-packages/pip/_internal/cli/base_command.py", line 107, in _run_wrapper
    status = _inner_run()
  File "/usr/lib/python3.13/site-packages/pip/_internal/cli/base_command.py", line 98, in _inner_run
    return self.run(options, args)
           ~~~~~~~~^^^^^^^^^^^^^^^
  File "/usr/lib/python3.13/site-packages/pip/_internal/cli/req_command.py", line 85, in wrapper
    return func(self, options, args)
  File "/usr/lib/python3.13/site-packages/pip/_internal/commands/install.py", line 388, in run
    requirement_set = resolver.resolve(
        reqs, check_supported_wheels=not options.target_dir
    )
  File "/usr/lib/python3.13/site-packages/pip/_internal/resolution/resolvelib/resolver.py", line 99, in resolve
    result = self._result = resolver.resolve(
                            ~~~~~~~~~~~~~~~~^
        collected.requirements, max_rounds=limit_how_complex_resolution_can_be
        ^^^^^^^^^^^^^^^^^^^^^^^^^^^^^^^^^^^^^^^^^^^^^^^^^^^^^^^^^^^^^^^^^^^^^^
    )
    ^
  File "/usr/lib/python3.13/site-packages/pip/_vendor/resolvelib/resolvers/resolution.py", line 601, in resolve
    state = resolution.resolve(requirements, max_rounds=max_rounds)
  File "/usr/lib/python3.13/site-packages/pip/_vendor/resolvelib/resolvers/resolution.py", line 434, in resolve
    self._add_to_criteria(self.state.criteria, r, parent=None)
    ~~~~~~~~~~~~~~~~~~~~~^^^^^^^^^^^^^^^^^^^^^^^^^^^^^^^^^^^^^
  File "/usr/lib/python3.13/site-packages/pip/_vendor/resolvelib/resolvers/resolution.py", line 150, in _add_to_criteria
    if not criterion.candidates:
           ^^^^^^^^^^^^^^^^^^^^
  File "/usr/lib/python3.13/site-packages/pip/_vendor/resolvelib/structs.py", line 194, in __bool__
    return bool(self._sequence)
  File "/usr/lib/python3.13/site-packages/pip/_internal/resolution/resolvelib/found_candidates.py", line 165, in __bool__
    self._bool = any(self)
                 ~~~^^^^^^
  File "/usr/lib/python3.13/site-packages/pip/_internal/resolution/resolvelib/found_candidates.py", line 149, in <genexpr>
    return (c for c in iterator if id(c) not in self._incompatible_ids)
                       ^^^^^^^^
  File "/usr/lib/python3.13/site-packages/pip/_internal/resolution/resolvelib/found_candidates.py", line 39, in _iter_built
    candidate = func()
  File "/usr/lib/python3.13/site-packages/pip/_internal/resolution/resolvelib/factory.py", line 180, in _make_candidate_from_link
    base: BaseCandidate | None = self._make_base_candidate_from_link(
                                 ~~~~~~~~~~~~~~~~~~~~~~~~~~~~~~~~~~~^
        link, template, name, version
        ^^^^^^^^^^^^^^^^^^^^^^^^^^^^^
    )
    ^
  File "/usr/lib/python3.13/site-packages/pip/_internal/resolution/resolvelib/factory.py", line 226, in _make_base_candidate_from_link
    self._link_candidate_cache[link] = LinkCandidate(
                                       ~~~~~~~~~~~~~^
        link,
        ^^^^^
    ...<3 lines>...
        version=version,
        ^^^^^^^^^^^^^^^^
    )
    ^
  File "/usr/lib/python3.13/site-packages/pip/_internal/resolution/resolvelib/candidates.py", line 318, in __init__
    super().__init__(
    ~~~~~~~~~~~~~~~~^
        link=link,
        ^^^^^^^^^^
    ...<4 lines>...
        version=version,
        ^^^^^^^^^^^^^^^^
    )
    ^
  File "/usr/lib/python3.13/site-packages/pip/_internal/resolution/resolvelib/candidates.py", line 161, in __init__
    self.dist = self._prepare()
                ~~~~~~~~~~~~~^^
  File "/usr/lib/python3.13/site-packages/pip/_internal/resolution/resolvelib/candidates.py", line 238, in _prepare
    dist = self._prepare_distribution()
  File "/usr/lib/python3.13/site-packages/pip/_internal/resolution/resolvelib/candidates.py", line 329, in _prepare_distribution
    return preparer.prepare_linked_requirement(self._ireq, parallel_builds=True)
           ~~~~~~~~~~~~~~~~~~~~~~~~~~~~~~~~~~~^^^^^^^^^^^^^^^^^^^^^^^^^^^^^^^^^^
  File "/usr/lib/python3.13/site-packages/pip/_internal/operations/prepare.py", line 543, in prepare_linked_requirement
    return self._prepare_linked_requirement(req, parallel_builds)
           ~~~~~~~~~~~~~~~~~~~~~~~~~~~~~~~~^^^^^^^^^^^^^^^^^^^^^^
  File "/usr/lib/python3.13/site-packages/pip/_internal/operations/prepare.py", line 658, in _prepare_linked_requirement
    dist = _get_prepared_distribution(
        req,
    ...<3 lines>...
        self.check_build_deps,
    )
  File "/usr/lib/python3.13/site-packages/pip/_internal/operations/prepare.py", line 77, in _get_prepared_distribution
    abstract_dist.prepare_distribution_metadata(
    ~~~~~~~~~~~~~~~~~~~~~~~~~~~~~~~~~~~~~~~~~~~^
        build_env_installer, build_isolation, check_build_deps
        ^^^^^^^^^^^^^^^^^^^^^^^^^^^^^^^^^^^^^^^^^^^^^^^^^^^^^^
    )
    ^
  File "/usr/lib/python3.13/site-packages/pip/_internal/distributions/sdist.py", line 71, in prepare_distribution_metadata
    self.req.prepare_metadata()
    ~~~~~~~~~~~~~~~~~~~~~~~~~^^
  File "/usr/lib/python3.13/site-packages/pip/_internal/req/req_install.py", line 530, in prepare_metadata
    self.metadata_directory = generate_metadata(
                              ~~~~~~~~~~~~~~~~~^
        build_env=self.build_env,
        ^^^^^^^^^^^^^^^^^^^^^^^^^
        backend=self.pep517_backend,
        ^^^^^^^^^^^^^^^^^^^^^^^^^^^^
        details=details,
        ^^^^^^^^^^^^^^^^
    )
    ^
  File "/usr/lib/python3.13/site-packages/pip/_internal/operations/build/metadata.py", line 34, in generate_metadata
    distinfo_dir = backend.prepare_metadata_for_build_wheel(metadata_dir)
  File "/usr/lib/python3.13/site-packages/pip/_internal/utils/misc.py", line 715, in prepare_metadata_for_build_wheel
    return super().prepare_metadata_for_build_wheel(
           ~~~~~~~~~~~~~~~~~~~~~~~~~~~~~~~~~~~~~~~~^
        metadata_directory=metadata_directory,
        ^^^^^^^^^^^^^^^^^^^^^^^^^^^^^^^^^^^^^^
        config_settings=cs,
        ^^^^^^^^^^^^^^^^^^^
        _allow_fallback=_allow_fallback,
        ^^^^^^^^^^^^^^^^^^^^^^^^^^^^^^^^
    )
    ^
  File "/usr/lib/python3.13/site-packages/pip/_vendor/pyproject_hooks/_impl.py", line 224, in prepare_metadata_for_build_wheel
    return self._call_hook(
           ~~~~~~~~~~~~~~~^
        "prepare_metadata_for_build_wheel",
        ^^^^^^^^^^^^^^^^^^^^^^^^^^^^^^^^^^^
    ...<4 lines>...
        },
        ^^
    )
    ^
  File "/usr/lib/python3.13/site-packages/pip/_vendor/pyproject_hooks/_impl.py", line 402, in _call_hook
    raise BackendUnavailable(
    ...<4 lines>...
    )
pip._vendor.pyproject_hooks._impl.BackendUnavailable: Cannot import 'mesonpy'
Error: module xpra: Child process exited with code 2
