Downloading sources
Initializing build dir
Committing stage init to cache
Starting build of org.xpra.Client
========================================================================
Building module xpra in /tmp/xpra-client-flatpak/org.xpra.Client/.flatpak-builder/build/xpra-1
========================================================================
Running: pip3 install --prefix=/app --no-build-isolation Cython
Requirement already satisfied: Cython in /usr/lib/python3.13/site-packages (3.2.4)
Running: pip3 install --prefix=/app --no-build-isolation .
Processing /run/build/xpra
  Preparing metadata (pyproject.toml): started
  Preparing metadata (pyproject.toml): finished with status 'error'
  error: subprocess-exited-with-error
  
  × Preparing metadata (pyproject.toml) did not run successfully.
  │ exit code: 1
  ╰─> [157 lines of output]
      Warning: could not get branch information
      'git describe --long --always --tags' failed with return code 128
      # updated 'xpra/src_info.py' with:
      BRANCH = 'unknown'
      COMMIT = 'unknown'
      LOCAL_MODIFICATIONS = 0
      REVISION = 'unknown'
      # updated 'xpra/build_info.py' with:
      build = {'date': '2026-03-08', 'time': '08:16', 'machine': 'x86_64', 'cpu': 'AMD Ryzen 5 5600X 6-Core Processor', 'bit': '64bit', 'os': 'linux', 'type': '', 'python': '3.13.11', 'cython': '3.2.4', 'compiler': 'gcc (GCC) 15.2.0', 'nvcc': '', 'linker': 'GNU ld (GNU Binutils) 2.45.1'}
      libs = {'vpx': '1.15.2', 'x11': '1.8.12', 'xrandr': '1.5.4', 'xtst': '1.2.5', 'xfixes': '6.0.2', 'xkbfile': '1.1.3', 'xcomposite': '0.4.6', 'xdamage': '1.1.6', 'xext': '1.3.6', 'gobject-introspection-1.0': '1.86.0', 'gtk+-3.0': '3.24.51', 'gtk+-x11-3.0': '3.24.51', 'python3': '3.13'}
      python_libs = {'Cython': '3.2.4', 'Mako': '1.3.10.dev0', 'Markdown': '3.10', 'MarkupSafe': '3.0.3', 'meson': '1.9.2', 'packaging': '25.0', 'setuptools': '80.9.0', 'wheel': '0.46.1'}
      /usr/lib/python3.13/site-packages/pip/_vendor/pyproject_hooks/_in_process/_in_process.py dist_info --output-dir /tmp/pip-modern-metadata-7pd2a5bw --keep-egg-info
      Xpra version 6.4.3
      Python version 3.13.11
      ARCH=x86_64
      INCLUDE_DIRS=['/usr/include']
      build switches:
      * Os                   : No
      * PIC                  : Yes
      * Xdummy               : Auto
      * Xdummy_wrapper       : Auto
      * amf                  : No
      * amf_encoder          : No
      * annotate             : No
      * argb                 : Yes
      * argb_encoder         : Yes
      * audio                : Yes
      * avif                 : Yes
      * avif_decoder         : Yes
      * avif_encoder         : Yes
      * brotli               : Yes
      * bundle_tests         : No
      * cityhash             : No
      * client               : Yes
      * clipboard            : Yes
      * codecs               : Yes
      * csc_cython           : Yes
      * csc_libyuv           : No
      * cuda_kernels         : No
      * cuda_rebuild         : Auto
      * cython               : Yes
      * cython_shared        : Yes
      * cython_tracing       : No
      * cythonize_more       : No
      * data                 : Yes
      * dbus                 : Yes
      * debug                : No
      * decoders             : Yes
      * docs                 : Auto
      * drm                  : Yes
      * enc_x264             : No
      * encoders             : Yes
      * evdi                 : No
      * example              : Yes
      * gstreamer            : Yes
      * gstreamer_audio      : Yes
      * gstreamer_video      : Yes
      * gtk3                 : Yes
      * gtk_x11              : Yes
      * http                 : Yes
      * ism_ext              : Yes
      * jpeg_decoder         : Yes
      * jpeg_encoder         : Yes
      * keyboard             : Yes
      * lz4                  : Yes
      * mdns                 : Yes
      * mmap                 : Yes
      * modules              : Yes
      * netdev               : Yes
      * notifications        : Yes
      * nvdec                : No
      * nvenc                : No
      * nvfbc                : No
      * nvidia               : Yes
      * nvjpeg_decoder       : No
      * nvjpeg_encoder       : No
      * opengl               : Yes
      * openh264             : No
      * openh264_decoder     : No
      * openh264_encoder     : No
      * pam                  : No
      * pandoc_lua           : Yes
      * peercred             : No
      * pillow               : Yes
      * pillow_decoder       : Yes
      * pillow_encoder       : Yes
      * printing             : Yes
      * proc                 : Yes
      * proxy                : Yes
      * pyglet_client        : No
      * qrencode             : No
      * qt6_client           : No
      * quic                 : Yes
      * rebuild              : Yes
      * remote_encoder       : Yes
      * rencodeplus          : Yes
      * rfb                  : Yes
      * scripts              : Yes
      * sd_listen            : Yes
      * server               : Yes
      * service              : Yes
      * shadow               : Yes
      * spng_decoder         : No
      * spng_encoder         : No
      * ssh                  : Yes
      * ssl                  : Yes
      * strict               : No
      * tests                : No
      * tk_client            : No
      * uinput               : Yes
      * v4l2                 : Yes
      * verbose              : No
      * vpx                  : Yes
      * vpx_decoder          : Yes
      * vpx_encoder          : Yes
      * vsock                : Yes
      * warn                 : Yes
      * wayland_client       : Yes
      * wayland_server       : No
      * webcam               : Yes
      * webp                 : Yes
      * webp_decoder         : Yes
      * webp_encoder         : Yes
      * websockets           : Yes
      * websockets_browser_cookie : Yes
      * win32_tools          : No
      * x11                  : Yes
      * xdg_open             : Yes
      * xinput               : Yes
      * yaml                 : Yes
      found Cython version 3.2.4
      CC=gcc
      CPP=cpp
      Traceback (most recent call last):
        File "/usr/lib/python3.13/site-packages/pip/_vendor/pyproject_hooks/_in_process/_in_process.py", line 389, in <module>
          main()
          ~~~~^^
        File "/usr/lib/python3.13/site-packages/pip/_vendor/pyproject_hooks/_in_process/_in_process.py", line 373, in main
          json_out["return_val"] = hook(**hook_input["kwargs"])
                                   ~~~~^^^^^^^^^^^^^^^^^^^^^^^^
        File "/usr/lib/python3.13/site-packages/pip/_vendor/pyproject_hooks/_in_process/_in_process.py", line 175, in prepare_metadata_for_build_wheel
          return hook(metadata_directory, config_settings)
        File "/usr/lib/python3.13/site-packages/setuptools/build_meta.py", line 374, in prepare_metadata_for_build_wheel
          self.run_setup()
          ~~~~~~~~~~~~~~^^
        File "/usr/lib/python3.13/site-packages/setuptools/build_meta.py", line 317, in run_setup
          exec(code, locals())
          ~~~~^^^^^^^^^^^^^^^^
        File "<string>", line 2652, in <module>
        File "<string>", line 1124, in ace
        File "<string>", line 1339, in exec_pkgconfig
        File "<string>", line 1296, in add_pkgconfig
      ValueError: ERROR: call to 'pkg-config --libs xres' failed (err=Package xres was not found in the pkg-config search path.
      Perhaps you should add the directory containing `xres.pc'
      to the PKG_CONFIG_PATH environment variable
      Package 'xres' not found
      )
      [end of output]
  
  note: This error originates from a subprocess, and is likely not a problem with pip.
error: metadata-generation-failed

× Encountered error while generating package metadata.
╰─> from file:///run/build/xpra

note: This is an issue with the package mentioned above, not pip.
hint: See above for details.
Error: module xpra: Child process exited with code 1
