Emptying app dir 'builddir'
Downloading sources
Starting build of org.xpra.Client
Cache hit for libXres, skipping build
Cache miss, checking out last cache hit
========================================================================
Building module xpra in /tmp/xpra-client-flatpak/org.xpra.Client/.flatpak-builder/build/xpra-4
========================================================================
Running: pip3 install --prefix=/app --no-build-isolation Cython setuptools wheel meson-python patchelf
Requirement already satisfied: Cython in /usr/lib/python3.13/site-packages (3.2.4)
Requirement already satisfied: setuptools in /usr/lib/python3.13/site-packages (80.9.0)
Requirement already satisfied: wheel in /usr/lib/python3.13/site-packages (0.46.1)
Collecting meson-python
  Downloading meson_python-0.19.0-py3-none-any.whl.metadata (2.1 kB)
Collecting patchelf
  Downloading patchelf-0.17.2.4-py3-none-manylinux1_x86_64.manylinux_2_5_x86_64.musllinux_1_1_x86_64.whl.metadata (3.7 kB)
Requirement already satisfied: packaging>=24.0 in /usr/lib/python3.13/site-packages (from wheel) (25.0)
Requirement already satisfied: meson>=1.2.3 in /usr/lib/python3.13/site-packages (from meson-python) (1.9.2)
Collecting pyproject-metadata>=0.9.0 (from meson-python)
  Downloading pyproject_metadata-0.11.0-py3-none-any.whl.metadata (6.4 kB)
Downloading meson_python-0.19.0-py3-none-any.whl (28 kB)
Downloading patchelf-0.17.2.4-py3-none-manylinux1_x86_64.manylinux_2_5_x86_64.musllinux_1_1_x86_64.whl (482 kB)
Downloading pyproject_metadata-0.11.0-py3-none-any.whl (22 kB)
Installing collected packages: pyproject-metadata, patchelf, meson-python

Successfully installed meson-python-0.19.0 patchelf-0.17.2.4 pyproject-metadata-0.11.0
Running: pip3 install --prefix=/app --no-build-isolation pycairo PyGObject
Collecting pycairo
  Downloading pycairo-1.29.0.tar.gz (665 kB)
     ━━━━━━━━━━━━━━━━━━━━━━━━━━━━━━━━━━━━━━━━ 665.9/665.9 kB 28.8 MB/s  0:00:00
  Preparing metadata (pyproject.toml): started
  Preparing metadata (pyproject.toml): finished with status 'done'
Collecting PyGObject
  Downloading pygobject-3.56.0.tar.gz (1.4 MB)
     ━━━━━━━━━━━━━━━━━━━━━━━━━━━━━━━━━━━━━━━━ 1.4/1.4 MB 64.2 MB/s  0:00:00
  Preparing metadata (pyproject.toml): started
  Preparing metadata (pyproject.toml): finished with status 'error'
  error: subprocess-exited-with-error
  
  × Preparing metadata (pyproject.toml) did not run successfully.
  │ exit code: 1
  ╰─> [149 lines of output]
      + meson setup /tmp/pip-install-zx6_1yv1/pygobject_c8e12b84e95446c99d169db31e306b44 /tmp/pip-install-zx6_1yv1/pygobject_c8e12b84e95446c99d169db31e306b44/.mesonpy-_hxgdxuf -Dbuildtype=release -Db_ndebug=if-release -Db_vscrt=md -Dtests=false -Dwheel=true --wrap-mode=nofallback --native-file=/tmp/pip-install-zx6_1yv1/pygobject_c8e12b84e95446c99d169db31e306b44/.mesonpy-_hxgdxuf/meson-python-native-file.ini
      The Meson build system
      Version: 1.9.2
      Source dir: /tmp/pip-install-zx6_1yv1/pygobject_c8e12b84e95446c99d169db31e306b44
      Build dir: /tmp/pip-install-zx6_1yv1/pygobject_c8e12b84e95446c99d169db31e306b44/.mesonpy-_hxgdxuf
      Build type: native build
      Project name: pygobject
      Project version: 3.56.0
      C compiler for the host machine: ccache cc (gcc 15.2.0 "cc (GCC) 15.2.0")
      C linker for the host machine: cc ld.bfd 2.45.1
      Host machine cpu family: x86_64
      Host machine cpu: x86_64
      Program python3 found: YES (/usr/bin/python)
      Found pkg-config: YES (/usr/bin/pkg-config) 2.5.1
      Run-time dependency python found: YES 3.13
      Run-time dependency girepository-2.0 found: YES 2.84.4
      Run-time dependency glib-2.0 found: YES 2.84.4
      Run-time dependency gobject-2.0 found: YES 2.84.4
      Run-time dependency gio-2.0 found: YES 2.84.4
      Run-time dependency libffi found: YES 3.5.2
      
      Executing subproject pythoncapi-compat
      
      pythoncapi-compat| Project name: pythoncapi-compat
      pythoncapi-compat| Project version: undefined
      pythoncapi-compat| C compiler for the host machine: ccache cc (gcc 15.2.0 "cc (GCC) 15.2.0")
      pythoncapi-compat| C linker for the host machine: cc ld.bfd 2.45.1
      pythoncapi-compat| Build targets in project: 0
      pythoncapi-compat| Subproject pythoncapi-compat finished.
      
      Run-time dependency cairo found: YES 1.18.4
      Run-time dependency cairo-gobject found: YES 1.18.4
      Message: pycairo not found via target Python, falling back to pkg-config (cairo module spec not found)
      Found CMake: /usr/bin/cmake (4.2.1)
      Run-time dependency py3cairo found: NO (tried pkgconfig and cmake)
      Not looking for a fallback subproject for the dependency py3cairo because:
      Use of fallback dependencies is disabled.
      Compiler for C supports arguments -Wall: YES
      Compiler for C supports arguments -Warray-bounds: YES
      Compiler for C supports arguments -Wcast-align: YES
      Compiler for C supports arguments -Wconversion: YES
      Compiler for C supports arguments -Wduplicated-branches: YES
      Compiler for C supports arguments -Wextra: YES
      Compiler for C supports arguments -Wformat=2: YES
      Compiler for C supports arguments -Wformat-nonliteral: YES
      Compiler for C supports arguments -Wformat-security: YES
      Compiler for C supports arguments -Wimplicit-function-declaration: YES
      Compiler for C supports arguments -Winit-self: YES
      Compiler for C supports arguments -Wjump-misses-init: YES
      Compiler for C supports arguments -Wlogical-op: YES
      Compiler for C supports arguments -Wmissing-declarations: YES
      Compiler for C supports arguments -Wmissing-format-attribute: YES
      Compiler for C supports arguments -Wmissing-include-dirs: YES
      Compiler for C supports arguments -Wmissing-noreturn: YES
      Compiler for C supports arguments -Wmissing-prototypes: YES
      Compiler for C supports arguments -Wnull-dereference: YES
      Compiler for C supports arguments -Wold-style-definition: YES
      Compiler for C supports arguments -Wpacked: YES
      Compiler for C supports arguments -Wpointer-arith: YES
      Compiler for C supports arguments -Wrestrict: YES
      Compiler for C supports arguments -Wreturn-type: YES
      Compiler for C supports arguments -Wshadow: YES
      Compiler for C supports arguments -Wsign-compare: YES
      Compiler for C supports arguments -Wstrict-aliasing: YES
      Compiler for C supports arguments -Wstrict-prototypes: YES
      Compiler for C supports arguments -Wswitch-default: YES
      Compiler for C supports arguments -Wswitch-enum: YES
      Compiler for C supports arguments -Wundef: YES
      Compiler for C supports arguments -Wunused-but-set-variable: YES
      Compiler for C supports arguments -Wwrite-strings: YES
      Compiler for C supports arguments -Wno-incompatible-pointer-types-discards-qualifiers: NO
      Compiler for C supports arguments -Wno-missing-field-initializers: YES
      Compiler for C supports arguments -Wno-unused-parameter: YES
      Compiler for C supports arguments -Wno-discarded-qualifiers: YES
      Compiler for C supports arguments -Wno-sign-conversion: YES
      Compiler for C supports arguments -Wno-cast-function-type: YES
      Compiler for C supports arguments -fno-strict-aliasing: YES
      Compiler for C supports arguments -fvisibility=hidden: YES
      Configuring config.h using configuration
      Configuring config.h using configuration
      Build targets in project: 2
      
      pygobject 3.56.0
      
        Subprojects
          pythoncapi-compat: YES
      
        User defined options
          Native files     : /tmp/pip-install-zx6_1yv1/pygobject_c8e12b84e95446c99d169db31e306b44/.mesonpy-_hxgdxuf/meson-python-native-file.ini
          b_ndebug         : if-release
          b_vscrt          : md
          buildtype        : release
          tests            : false
          wheel            : true
          wrap_mode        : nofallback
      
      Found ninja-1.13.2 at /usr/bin/ninja
      + /usr/bin/ninja
      [1/46] Compiling C object gi/_gi.cpython-313-x86_64-linux-gnu.so.p/pyginterface.c.o
      [2/46] Compiling C object gi/_gi.cpython-313-x86_64-linux-gnu.so.p/pygi-foreign.c.o
      [3/46] Compiling C object gi/_gi.cpython-313-x86_64-linux-gnu.so.p/pygobject-props.c.o
      [4/46] Compiling C object gi/_gi.cpython-313-x86_64-linux-gnu.so.p/pygpointer.c.o
      [5/46] Compiling C object gi/_gi.cpython-313-x86_64-linux-gnu.so.p/pygspawn.c.o
      [6/46] Compiling C object gi/_gi.cpython-313-x86_64-linux-gnu.so.p/pygboxed.c.o
      [7/46] Compiling C object gi/_gi.cpython-313-x86_64-linux-gnu.so.p/pygflags.c.o
      [8/46] Compiling C object gi/_gi.cpython-313-x86_64-linux-gnu.so.p/pygi-repository.c.o
      [9/46] Compiling C object gi/_gi.cpython-313-x86_64-linux-gnu.so.p/pygi-capi.c.o
      [10/46] Compiling C object gi/_gi.cpython-313-x86_64-linux-gnu.so.p/pygenum.c.o
      [11/46] Compiling C object gi/_gi.cpython-313-x86_64-linux-gnu.so.p/pygobject-class.c.o
      [12/46] Compiling C object gi/_gi.cpython-313-x86_64-linux-gnu.so.p/gimodule.c.o
      [13/46] Compiling C object gi/_gi.cpython-313-x86_64-linux-gnu.so.p/pygobject-object.c.o
      [14/46] Compiling C object gi/_gi.cpython-313-x86_64-linux-gnu.so.p/pygi-struct.c.o
      [15/46] Compiling C object gi/_gi.cpython-313-x86_64-linux-gnu.so.p/pygi-source.c.o
      [16/46] Compiling C object gi/_gi.cpython-313-x86_64-linux-gnu.so.p/pygi-argument.c.o
      [17/46] Compiling C object gi/_gi.cpython-313-x86_64-linux-gnu.so.p/pygi-util.c.o
      [18/46] Compiling C object gi/_gi.cpython-313-x86_64-linux-gnu.so.p/pygi-resulttuple.c.o
      [19/46] Compiling C object gi/_gi.cpython-313-x86_64-linux-gnu.so.p/pygi-ccallback.c.o
      [20/46] Compiling C object gi/_gi.cpython-313-x86_64-linux-gnu.so.p/pygi-boxed.c.o
      [21/46] Compiling C object gi/_gi.cpython-313-x86_64-linux-gnu.so.p/pygi-closure.c.o
      [22/46] Compiling C object gi/_gi.cpython-313-x86_64-linux-gnu.so.p/pygi-async.c.o
      [23/46] Compiling C object gi/_gi.cpython-313-x86_64-linux-gnu.so.p/pygi-property.c.o
      [24/46] Compiling C object gi/_gi.cpython-313-x86_64-linux-gnu.so.p/pygi-info.c.o
      [25/46] Compiling C object gi/_gi.cpython-313-x86_64-linux-gnu.so.p/pygi-signal-closure.c.o
      [26/46] Compiling C object gi/_gi.cpython-313-x86_64-linux-gnu.so.p/pygi-type.c.o
      [27/46] Compiling C object gi/_gi.cpython-313-x86_64-linux-gnu.so.p/pygi-cache-basic.c.o
      [28/46] Compiling C object gi/_gi.cpython-313-x86_64-linux-gnu.so.p/pygi-invoke.c.o
      [29/46] Compiling C object gi/_gi.cpython-313-x86_64-linux-gnu.so.p/pygi-cache-closure.c.o
      [30/46] Compiling C object gi/_gi.cpython-313-x86_64-linux-gnu.so.p/pygi-cache-error.c.o
      [31/46] Compiling C object gi/_gi.cpython-313-x86_64-linux-gnu.so.p/pygi-cache.c.o
      [32/46] Compiling C object gi/_gi.cpython-313-x86_64-linux-gnu.so.p/pygi-cache-enum.c.o
      [33/46] Compiling C object gi/_gi.cpython-313-x86_64-linux-gnu.so.p/pygi-cache-array.c.o
      [34/46] Compiling C object gi/_gi.cpython-313-x86_64-linux-gnu.so.p/pygi-cache-hashtable.c.o
      [35/46] Compiling C object gi/_gi.cpython-313-x86_64-linux-gnu.so.p/pygi-cache-interface.c.o
      [36/46] Compiling C object gi/_gi.cpython-313-x86_64-linux-gnu.so.p/pygi-cache-list.c.o
      [37/46] Compiling C object gi/_gi.cpython-313-x86_64-linux-gnu.so.p/pygi-cache-object.c.o
      [38/46] Compiling C object gi/_gi_cairo.cpython-313-x86_64-linux-gnu.so.p/pygi-foreign-cairo.c.o
      FAILED: [code=1] gi/_gi_cairo.cpython-313-x86_64-linux-gnu.so.p/pygi-foreign-cairo.c.o
      ccache cc -Igi/_gi_cairo.cpython-313-x86_64-linux-gnu.so.p -Igi -I../gi -Isubprojects/pythoncapi-compat -I../subprojects/pythoncapi-compat -I/usr/include/x86_64-linux-gnu/python3.13 -I/usr/include/python3.13 -I/usr/include/glib-2.0 -I/usr/lib/x86_64-linux-gnu/glib-2.0/include -I/usr/include/libmount -I/usr/include/blkid -I/usr/include/cairo -I/usr/include/freetype2 -I/usr/include/libpng16 -I/usr/include/harfbuzz -I/usr/include/pixman-1 -fvisibility=hidden -fdiagnostics-color=always -DNDEBUG -D_FILE_OFFSET_BITS=64 -Wall -Winvalid-pch -std=gnu99 -O3 -O2 -pipe -g -Wp,-D_FORTIFY_SOURCE=3 -Wp,-D_GLIBCXX_ASSERTIONS -fexceptions -fstack-protector-strong -grecord-gcc-switches -fasynchronous-unwind-tables -fstack-clash-protection -fcf-protection -fno-omit-frame-pointer -mno-omit-leaf-frame-pointer -fPIC -pthread -DPY_SSIZE_T_CLEAN -Wall -Warray-bounds -Wcast-align -Wconversion -Wduplicated-branches -Wextra -Wformat=2 -Wformat-nonliteral -Wformat-security -Wimplicit-function-declaration -Winit-self -Wjump-misses-init -Wlogical-op -Wmissing-declarations -Wmissing-format-attribute -Wmissing-include-dirs -Wmissing-noreturn -Wmissing-prototypes -Wnull-dereference -Wold-style-definition -Wpacked -Wpointer-arith -Wrestrict -Wreturn-type -Wshadow -Wsign-compare -Wstrict-aliasing -Wstrict-prototypes -Wswitch-default -Wswitch-enum -Wundef -Wunused-but-set-variable -Wwrite-strings -Wno-missing-field-initializers -Wno-unused-parameter -Wno-discarded-qualifiers -Wno-sign-conversion -Wno-cast-function-type -fno-strict-aliasing -fvisibility=hidden -MD -MQ gi/_gi_cairo.cpython-313-x86_64-linux-gnu.so.p/pygi-foreign-cairo.c.o -MF gi/_gi_cairo.cpython-313-x86_64-linux-gnu.so.p/pygi-foreign-cairo.c.o.d -o gi/_gi_cairo.cpython-313-x86_64-linux-gnu.so.p/pygi-foreign-cairo.c.o -c ../gi/pygi-foreign-cairo.c
      ../gi/pygi-foreign-cairo.c:26:10: fatal error: py3cairo.h: No such file or directory
         26 | #include <py3cairo.h>
            |          ^~~~~~~~~~~~
      compilation terminated.
      [39/46] Compiling C object gi/_gi.cpython-313-x86_64-linux-gnu.so.p/pygi-cache-struct.c.o
      [40/46] Compiling C object gi/_gi.cpython-313-x86_64-linux-gnu.so.p/pygi-marshal-cleanup.c.o
      [41/46] Compiling C object gi/_gi.cpython-313-x86_64-linux-gnu.so.p/pygi-error.c.o
      [42/46] Compiling C object gi/_gi.cpython-313-x86_64-linux-gnu.so.p/pygi-fundamental.c.o
      [43/46] Compiling C object gi/_gi.cpython-313-x86_64-linux-gnu.so.p/pygi-basictype.c.o
      [44/46] Compiling C object gi/_gi.cpython-313-x86_64-linux-gnu.so.p/pygi-value.c.o
      ninja: build stopped: subcommand failed.
      [end of output]
  
  note: This error originates from a subprocess, and is likely not a problem with pip.
error: metadata-generation-failed

× Encountered error while generating package metadata.
╰─> PyGObject

note: This is an issue with the package mentioned above, not pip.
hint: See above for details.
Error: module xpra: Child process exited with code 1
