Emptying app dir 'builddir'
Downloading sources
Starting build of org.xpra.Client
Cache hit for libXres, skipping build
Cache miss, checking out last cache hit
========================================================================
Building module xpra in /tmp/xpra-client-flatpak/org.xpra.Client/.flatpak-builder/build/xpra-9
========================================================================
Running: pip3 install --prefix=/app pycairo PyGObject paramiko cryptography pyopenssl lz4 pillow pyopengl pyopengl-accelerate netifaces zeroconf
Collecting pycairo
  Downloading pycairo-1.29.0.tar.gz (665 kB)
     ━━━━━━━━━━━━━━━━━━━━━━━━━━━━━━━━━━━━━━━━ 665.9/665.9 kB 41.7 MB/s  0:00:00
  Installing build dependencies: started
  Installing build dependencies: finished with status 'done'
  Getting requirements to build wheel: started
  Getting requirements to build wheel: finished with status 'done'
  Installing backend dependencies: started
  Installing backend dependencies: finished with status 'done'
  Preparing metadata (pyproject.toml): started
  Preparing metadata (pyproject.toml): finished with status 'done'
Collecting PyGObject
  Downloading pygobject-3.56.0.tar.gz (1.4 MB)
     ━━━━━━━━━━━━━━━━━━━━━━━━━━━━━━━━━━━━━━━━ 1.4/1.4 MB 69.0 MB/s  0:00:00
  Installing build dependencies: started
  Installing build dependencies: finished with status 'done'
  Getting requirements to build wheel: started
  Getting requirements to build wheel: finished with status 'done'
  Installing backend dependencies: started
  Installing backend dependencies: finished with status 'done'
  Preparing metadata (pyproject.toml): started
  Preparing metadata (pyproject.toml): finished with status 'done'
Collecting paramiko
  Downloading paramiko-4.0.0-py3-none-any.whl.metadata (3.9 kB)
Collecting cryptography
  Downloading cryptography-46.0.5-cp311-abi3-manylinux_2_34_x86_64.whl.metadata (5.7 kB)
Collecting pyopenssl
  Downloading pyopenssl-25.3.0-py3-none-any.whl.metadata (17 kB)
Collecting lz4
  Downloading lz4-4.4.5-cp313-cp313-manylinux2014_x86_64.manylinux_2_17_x86_64.manylinux_2_28_x86_64.whl.metadata (3.8 kB)
Collecting pillow
  Downloading pillow-12.1.1-cp313-cp313-manylinux_2_27_x86_64.manylinux_2_28_x86_64.whl.metadata (8.8 kB)
Collecting pyopengl
  Downloading pyopengl-3.1.10-py3-none-any.whl.metadata (3.3 kB)
Collecting pyopengl-accelerate
  Downloading pyopengl_accelerate-3.1.10-cp313-cp313-manylinux2014_x86_64.manylinux_2_17_x86_64.manylinux_2_28_x86_64.whl.metadata (3.9 kB)
Collecting netifaces
  Downloading netifaces-0.11.0.tar.gz (30 kB)
  Installing build dependencies: started
  Installing build dependencies: finished with status 'done'
  Getting requirements to build wheel: started
  Getting requirements to build wheel: finished with status 'done'
  Preparing metadata (pyproject.toml): started
  Preparing metadata (pyproject.toml): finished with status 'done'
Collecting zeroconf
  Downloading zeroconf-0.148.0-cp313-cp313-manylinux_2_36_x86_64.whl.metadata (6.3 kB)
Collecting bcrypt>=3.2 (from paramiko)
  Downloading bcrypt-5.0.0-cp39-abi3-manylinux_2_34_x86_64.whl.metadata (10 kB)
Collecting invoke>=2.0 (from paramiko)
  Downloading invoke-2.2.1-py3-none-any.whl.metadata (3.3 kB)
Collecting pynacl>=1.5 (from paramiko)
  Downloading pynacl-1.6.2-cp38-abi3-manylinux_2_34_x86_64.whl.metadata (10.0 kB)
Collecting cffi>=2.0.0 (from cryptography)
  Downloading cffi-2.0.0-cp313-cp313-manylinux2014_x86_64.manylinux_2_17_x86_64.whl.metadata (2.6 kB)
Collecting ifaddr>=0.1.7 (from zeroconf)
  Downloading ifaddr-0.2.0-py3-none-any.whl.metadata (4.9 kB)
Collecting pycparser (from cffi>=2.0.0->cryptography)
  Downloading pycparser-3.0-py3-none-any.whl.metadata (8.2 kB)
Downloading paramiko-4.0.0-py3-none-any.whl (223 kB)
Downloading cryptography-46.0.5-cp311-abi3-manylinux_2_34_x86_64.whl (4.5 MB)
   ━━━━━━━━━━━━━━━━━━━━━━━━━━━━━━━━━━━━━━━━ 4.5/4.5 MB 81.6 MB/s  0:00:00
Downloading pyopenssl-25.3.0-py3-none-any.whl (57 kB)
Downloading lz4-4.4.5-cp313-cp313-manylinux2014_x86_64.manylinux_2_17_x86_64.manylinux_2_28_x86_64.whl (1.4 MB)
   ━━━━━━━━━━━━━━━━━━━━━━━━━━━━━━━━━━━━━━━━ 1.4/1.4 MB 95.4 MB/s  0:00:00
Downloading pillow-12.1.1-cp313-cp313-manylinux_2_27_x86_64.manylinux_2_28_x86_64.whl (7.0 MB)
   ━━━━━━━━━━━━━━━━━━━━━━━━━━━━━━━━━━━━━━━━ 7.0/7.0 MB 103.1 MB/s  0:00:00
Downloading pyopengl-3.1.10-py3-none-any.whl (3.2 MB)
   ━━━━━━━━━━━━━━━━━━━━━━━━━━━━━━━━━━━━━━━━ 3.2/3.2 MB 93.2 MB/s  0:00:00
Downloading pyopengl_accelerate-3.1.10-cp313-cp313-manylinux2014_x86_64.manylinux_2_17_x86_64.manylinux_2_28_x86_64.whl (3.1 MB)
   ━━━━━━━━━━━━━━━━━━━━━━━━━━━━━━━━━━━━━━━━ 3.1/3.1 MB 96.7 MB/s  0:00:00
Downloading zeroconf-0.148.0-cp313-cp313-manylinux_2_36_x86_64.whl (2.1 MB)
   ━━━━━━━━━━━━━━━━━━━━━━━━━━━━━━━━━━━━━━━━ 2.1/2.1 MB 104.8 MB/s  0:00:00
Downloading bcrypt-5.0.0-cp39-abi3-manylinux_2_34_x86_64.whl (278 kB)
Downloading cffi-2.0.0-cp313-cp313-manylinux2014_x86_64.manylinux_2_17_x86_64.whl (219 kB)
Downloading ifaddr-0.2.0-py3-none-any.whl (12 kB)
Downloading invoke-2.2.1-py3-none-any.whl (160 kB)
Downloading pynacl-1.6.2-cp38-abi3-manylinux_2_34_x86_64.whl (1.4 MB)
   ━━━━━━━━━━━━━━━━━━━━━━━━━━━━━━━━━━━━━━━━ 1.4/1.4 MB 102.2 MB/s  0:00:00
Downloading pycparser-3.0-py3-none-any.whl (48 kB)
Building wheels for collected packages: pycairo, PyGObject, netifaces
  Building wheel for pycairo (pyproject.toml): started
  Building wheel for pycairo (pyproject.toml): finished with status 'done'
  Created wheel for pycairo: filename=pycairo-1.29.0-cp313-cp313-linux_x86_64.whl size=133603 sha256=417e458a21d3854e83136fb3d96501a4e304d2e360fa35ab97188758c05a1004
  Stored in directory: /home/mj/.cache/pip/wheels/b4/d0/8f/2c0daa76a1e7257d9d7005911e351b6eb0fedb77b4e5426ada
  Building wheel for PyGObject (pyproject.toml): started
  Building wheel for PyGObject (pyproject.toml): finished with status 'done'
  Created wheel for PyGObject: filename=pygobject-3.56.0-cp313-cp313-linux_x86_64.whl size=286495 sha256=24f494403b16f73ef947a8042fba76eb9cfc8d2bd834dde7578449e7944fa66d
  Stored in directory: /home/mj/.cache/pip/wheels/fd/58/4c/1d5494ebcbd6f22e82478962f28e57c0d5e0b24ea1bc0865c2
  Building wheel for netifaces (pyproject.toml): started
  Building wheel for netifaces (pyproject.toml): finished with status 'done'
  Created wheel for netifaces: filename=netifaces-0.11.0-cp313-cp313-linux_x86_64.whl size=16254 sha256=d36da52b819ca71a6a7462e78c375755e00fa865a3cf963e454ea0143beb9370
  Stored in directory: /home/mj/.cache/pip/wheels/b6/30/e2/f47e3db48aecfc634b24146b62f520b4419b0bd90ef9ed1760
Successfully built pycairo PyGObject netifaces
Installing collected packages: pyopengl-accelerate, pyopengl, netifaces, ifaddr, zeroconf, pycparser, pycairo, pillow, lz4, invoke, bcrypt, PyGObject, cffi, pynacl, cryptography, pyopenssl, paramiko

Successfully installed PyGObject-3.56.0 bcrypt-5.0.0 cffi-2.0.0 cryptography-46.0.5 ifaddr-0.2.0 invoke-2.2.1 lz4-4.4.5 netifaces-0.11.0 paramiko-4.0.0 pillow-12.1.1 pycairo-1.29.0 pycparser-3.0 pynacl-1.6.2 pyopengl-3.1.10 pyopengl-accelerate-3.1.10 pyopenssl-25.3.0 zeroconf-0.148.0
Running: mkdir -p /app/lib/pkgconfig
Running: cat > /app/lib/pkgconfig/py3cairo.pc << EOF
prefix=/app
exec_prefix=\${prefix}
includedir=\${prefix}/include
datarootdir=\${prefix}/share
datadir=\${datarootdir}

Name: py3cairo
Description: Python 3 bindings for cairo
Version: 1.29.0
Requires: cairo
Cflags: -I\${includedir}/pycairo
Libs: 
EOF

Running: cat > /app/lib/pkgconfig/pygobject-3.0.pc << EOF
prefix=/app
exec_prefix=\${prefix}
includedir=\${prefix}/include
datarootdir=\${prefix}/share
datadir=\${datarootdir}

Name: pygobject-3.0
Description: Python 3 bindings for GObject
Version: 3.56.0
Requires: gobject-2.0 glib-2.0
Cflags: -I\${includedir}/pygobject-3.0
Libs: -L\${exec_prefix}/lib -lpygobject-3.0
EOF

Running: python3 setup.py install --prefix=/app --single-version-externally-managed --record=installed-files.txt
Warning: could not get branch information
'git describe --long --always --tags' failed with return code 128
# updated 'xpra/src_info.py' with:
BRANCH = 'unknown'
COMMIT = 'unknown'
LOCAL_MODIFICATIONS = 0
REVISION = 'unknown'
# updated 'xpra/build_info.py' with:
build = {'date': '2026-03-08', 'time': '23:09', 'machine': 'x86_64', 'cpu': 'AMD Ryzen 5 5600X 6-Core Processor', 'bit': '64bit', 'os': 'linux', 'type': '', 'python': '3.13.11', 'cython': '3.2.4', 'compiler': 'gcc (GCC) 15.2.0', 'nvcc': '', 'linker': 'GNU ld (GNU Binutils) 2.45.1'}
libs = {'vpx': '1.15.2', 'x11': '1.8.12', 'xrandr': '1.5.4', 'xtst': '1.2.5', 'xfixes': '6.0.2', 'xkbfile': '1.1.3', 'xcomposite': '0.4.6', 'xdamage': '1.1.6', 'xext': '1.3.6', 'gobject-introspection-1.0': '1.86.0', 'gtk+-3.0': '3.24.51', 'py3cairo': '1.29.0', 'pygobject-3.0': '3.56.0', 'gtk+-x11-3.0': '3.24.51', 'python3': '3.13'}
python_libs = {'bcrypt': '5.0.0', 'cffi': '2.0.0', 'cryptography': '46.0.5', 'Cython': '3.2.4', 'ifaddr': '0.2.0', 'invoke': '2.2.1', 'lz4': '4.4.5', 'Mako': '1.3.10.dev0', 'Markdown': '3.10', 'MarkupSafe': '3.0.3', 'meson': '1.9.2', 'netifaces': '0.11.0', 'packaging': '25.0', 'paramiko': '4.0.0', 'pillow': '12.1.1', 'pycairo': '1.29.0', 'pycparser': '3.0', 'PyGObject': '3.56.0', 'PyNaCl': '1.6.2', 'PyOpenGL': '3.1.10', 'PyOpenGL-accelerate': '3.1.10', 'pyOpenSSL': '25.3.0', 'setuptools': '80.9.0', 'wheel': '0.46.1', 'zeroconf': '0.148.0'}
# updated 'xpra/build_info.py' with:
build = {'date': '2026-03-08', 'time': '23:09', 'machine': 'x86_64', 'cpu': 'AMD Ryzen 5 5600X 6-Core Processor', 'bit': '64bit', 'os': 'linux', 'type': '', 'python': '3.13.11', 'cython': '3.2.4', 'compiler': 'gcc (GCC) 15.2.0', 'nvcc': '', 'linker': 'GNU ld (GNU Binutils) 2.45.1'}
libs = {'vpx': '1.15.2', 'x11': '1.8.12', 'xrandr': '1.5.4', 'xtst': '1.2.5', 'xfixes': '6.0.2', 'xkbfile': '1.1.3', 'xcomposite': '0.4.6', 'xdamage': '1.1.6', 'xext': '1.3.6', 'gobject-introspection-1.0': '1.86.0', 'gtk+-3.0': '3.24.51', 'py3cairo': '1.29.0', 'pygobject-3.0': '3.56.0', 'gtk+-x11-3.0': '3.24.51', 'python3': '3.13'}
python_libs = {'bcrypt': '5.0.0', 'cffi': '2.0.0', 'cryptography': '46.0.5', 'Cython': '3.2.4', 'ifaddr': '0.2.0', 'invoke': '2.2.1', 'lz4': '4.4.5', 'Mako': '1.3.10.dev0', 'Markdown': '3.10', 'MarkupSafe': '3.0.3', 'meson': '1.9.2', 'netifaces': '0.11.0', 'packaging': '25.0', 'paramiko': '4.0.0', 'pillow': '12.1.1', 'pycairo': '1.29.0', 'pycparser': '3.0', 'PyGObject': '3.56.0', 'PyNaCl': '1.6.2', 'PyOpenGL': '3.1.10', 'PyOpenGL-accelerate': '3.1.10', 'pyOpenSSL': '25.3.0', 'setuptools': '80.9.0', 'wheel': '0.46.1', 'zeroconf': '0.148.0'}
setup.py install --prefix=/app --single-version-externally-managed --record=installed-files.txt
Xpra version 6.4.3
Python version 3.13.11
ARCH=x86_64
INCLUDE_DIRS=['/usr/include']
build switches:
* Os                   : No
* PIC                  : Yes
* Xdummy               : Auto
* Xdummy_wrapper       : Auto
* amf                  : No
* amf_encoder          : No
* annotate             : No
* argb                 : Yes
* argb_encoder         : Yes
* audio                : Yes
* avif                 : Yes
* avif_decoder         : Yes
* avif_encoder         : Yes
* brotli               : Yes
* bundle_tests         : No
* cityhash             : No
* client               : Yes
* clipboard            : Yes
* codecs               : Yes
* csc_cython           : Yes
* csc_libyuv           : No
* cuda_kernels         : No
* cuda_rebuild         : Auto
* cython               : Yes
* cython_shared        : Yes
* cython_tracing       : No
* cythonize_more       : No
* data                 : Yes
* dbus                 : Yes
* debug                : No
* decoders             : Yes
* docs                 : Auto
* drm                  : Yes
* enc_x264             : No
* encoders             : Yes
* evdi                 : No
* example              : Yes
* gstreamer            : Yes
* gstreamer_audio      : Yes
* gstreamer_video      : Yes
* gtk3                 : Yes
* gtk_x11              : Yes
* http                 : Yes
* ism_ext              : Yes
* jpeg_decoder         : Yes
* jpeg_encoder         : Yes
* keyboard             : Yes
* lz4                  : Yes
* mdns                 : Yes
* mmap                 : Yes
* modules              : Yes
* netdev               : Yes
* notifications        : Yes
* nvdec                : No
* nvenc                : No
* nvfbc                : No
* nvidia               : Yes
* nvjpeg_decoder       : No
* nvjpeg_encoder       : No
* opengl               : Yes
* openh264             : No
* openh264_decoder     : No
* openh264_encoder     : No
* pam                  : No
* pandoc_lua           : Yes
* peercred             : No
* pillow               : Yes
* pillow_decoder       : Yes
* pillow_encoder       : Yes
* printing             : Yes
* proc                 : Yes
* proxy                : Yes
* pyglet_client        : No
* qrencode             : No
* qt6_client           : No
* quic                 : Yes
* rebuild              : Yes
* remote_encoder       : Yes
* rencodeplus          : Yes
* rfb                  : Yes
* scripts              : Yes
* sd_listen            : Yes
* server               : Yes
* service              : Yes
* shadow               : Yes
* spng_decoder         : No
* spng_encoder         : No
* ssh                  : Yes
* ssl                  : Yes
* strict               : No
* tests                : No
* tk_client            : No
* uinput               : Yes
* v4l2                 : Yes
* verbose              : No
* vpx                  : Yes
* vpx_decoder          : Yes
* vpx_encoder          : Yes
* vsock                : Yes
* warn                 : Yes
* wayland_client       : Yes
* wayland_server       : No
* webcam               : Yes
* webp                 : Yes
* webp_decoder         : Yes
* webp_encoder         : Yes
* websockets           : Yes
* websockets_browser_cookie : Yes
* win32_tools          : No
* x11                  : Yes
* xdg_open             : Yes
* xinput               : Yes
* yaml                 : Yes
found Cython version 3.2.4
CC=gcc
CPP=cpp
Compiling xpra/buffers/membuf.pyx because it changed.
Compiling xpra/buffers/xxh.pyx because it changed.
Compiling xpra/x11/bindings/xwait.pyx because it changed.
Compiling xpra/x11/bindings/wait_for_x_server.pyx because it changed.
Compiling xpra/x11/bindings/display_source.pyx because it changed.
Compiling xpra/x11/bindings/core.pyx because it changed.
Compiling xpra/x11/bindings/ximage.pyx because it changed.
Compiling xpra/x11/bindings/xwayland.pyx because it changed.
Compiling xpra/x11/bindings/events.pyx because it changed.
Compiling xpra/x11/bindings/window.pyx because it changed.
Compiling xpra/x11/bindings/loop.pyx because it changed.
Compiling xpra/x11/bindings/test.pyx because it changed.
Compiling xpra/x11/bindings/shape.pyx because it changed.
Compiling xpra/x11/bindings/damage.pyx because it changed.
Compiling xpra/x11/bindings/fixes.pyx because it changed.
Compiling xpra/x11/bindings/cursor.pyx because it changed.
Compiling xpra/x11/bindings/keyboard.pyx because it changed.
Compiling xpra/x11/bindings/res.pyx because it changed.
Compiling xpra/x11/bindings/composite.pyx because it changed.
Compiling xpra/x11/bindings/xkb.pyx because it changed.
Compiling xpra/x11/bindings/saveset.pyx because it changed.
Compiling xpra/x11/bindings/classhint.pyx because it changed.
Compiling xpra/x11/bindings/shm.pyx because it changed.
Compiling xpra/x11/bindings/randr.pyx because it changed.
Compiling xpra/x11/bindings/record.pyx because it changed.
Compiling xpra/x11/bindings/xi2.pyx because it changed.
Compiling xpra/x11/gtk/display_source.pyx because it changed.
Compiling xpra/x11/gtk/bindings.pyx because it changed.
Compiling xpra/gtk/cairo_image.pyx because it changed.
Compiling xpra/gtk/bindings/atoms.pyx because it changed.
Compiling xpra/gtk/bindings/gobject.pyx because it changed.
Compiling xpra/buffers/cyxor.pyx because it changed.
Compiling xpra/util/rectangle.pyx because it changed.
Compiling xpra/server/cystats.pyx because it changed.
Compiling xpra/server/window/motion.pyx because it changed.
Compiling xpra/platform/posix/sd_listen.pyx because it changed.
Compiling xpra/platform/posix/proc_libproc.pyx because it changed.
Compiling xpra/codecs/argb/argb.pyx because it changed.
Compiling xpra/codecs/drm/drm.pyx because it changed.
Compiling xpra/codecs/aom/api.pyx because it changed.
Compiling xpra/codecs/aom/decoder.pyx because it changed.
Compiling xpra/codecs/webp/encoder.pyx because it changed.
Compiling xpra/codecs/webp/decoder.pyx because it changed.
Compiling xpra/codecs/jpeg/encoder.pyx because it changed.
Compiling xpra/codecs/jpeg/decoder.pyx because it changed.
Compiling xpra/codecs/avif/encoder.pyx because it changed.
Compiling xpra/codecs/avif/decoder.pyx because it changed.
Compiling xpra/codecs/csc_cython/converter.pyx because it changed.
Compiling xpra/codecs/vpx/encoder.pyx because it changed.
Compiling xpra/codecs/vpx/decoder.pyx because it changed.
Compiling xpra/codecs/v4l2/virtual.pyx because it changed.
Compiling xpra/net/websockets/mask.pyx because it changed.
Compiling xpra/net/rencodeplus/rencodeplus.pyx because it changed.
Compiling xpra/net/brotli/decompressor.pyx because it changed.
Compiling xpra/net/brotli/compressor.pyx because it changed.
Compiling xpra/platform/posix/netdev_query.pyx because it changed.
Compiling xpra/net/vsock/vsock.pyx because it changed.
Compiling xpra/net/lz4/lz4.pyx because it changed.
Compiling xpra/wayland/wait_for_display.pyx because it changed.
[ 5/59] Cythonizing xpra/codecs/aom/decoder.pyx
[27/59] Cythonizing xpra/platform/posix/netdev_query.pyx
[35/59] Cythonizing xpra/x11/bindings/composite.pyx
[45/59] Cythonizing xpra/x11/bindings/record.pyx
[55/59] Cythonizing xpra/x11/bindings/xkb.pyx
[11/59] Cythonizing xpra/codecs/jpeg/decoder.pyx
[25/59] Cythonizing xpra/net/vsock/vsock.pyx
[31/59] Cythonizing xpra/server/window/motion.pyx
[49/59] Cythonizing xpra/x11/bindings/shm.pyx
[ 8/59] Cythonizing xpra/codecs/avif/encoder.pyx
[30/59] Cythonizing xpra/server/cystats.pyx
[41/59] Cythonizing xpra/x11/bindings/fixes.pyx
[51/59] Cythonizing xpra/x11/bindings/wait_for_x_server.pyx
[56/59] Cythonizing xpra/x11/bindings/xwait.pyx
[ 4/59] Cythonizing xpra/codecs/aom/api.pyx
[14/59] Cythonizing xpra/codecs/vpx/decoder.pyx
[20/59] Cythonizing xpra/gtk/cairo_image.pyx
[29/59] Cythonizing xpra/platform/posix/sd_listen.pyx
[36/59] Cythonizing xpra/x11/bindings/core.pyx
[48/59] Cythonizing xpra/x11/bindings/shape.pyx
[59/59] Cythonizing xpra/x11/gtk/display_source.pyx
[12/59] Cythonizing xpra/codecs/jpeg/encoder.pyx
[17/59] Cythonizing xpra/codecs/webp/encoder.pyx
[40/59] Cythonizing xpra/x11/bindings/events.pyx
[57/59] Cythonizing xpra/x11/bindings/xwayland.pyx
[ 1/59] Cythonizing xpra/buffers/cyxor.pyx
[13/59] Cythonizing xpra/codecs/v4l2/virtual.pyx
[21/59] Cythonizing xpra/net/brotli/compressor.pyx
[24/59] Cythonizing xpra/net/rencodeplus/rencodeplus.pyx
[ 9/59] Cythonizing xpra/codecs/csc_cython/converter.pyx
[54/59] Cythonizing xpra/x11/bindings/ximage.pyx
[ 6/59] Cythonizing xpra/codecs/argb/argb.pyx
[34/59] Cythonizing xpra/x11/bindings/classhint.pyx
[43/59] Cythonizing xpra/x11/bindings/loop.pyx
[50/59] Cythonizing xpra/x11/bindings/test.pyx
[58/59] Cythonizing xpra/x11/gtk/bindings.pyx
[ 2/59] Cythonizing xpra/buffers/membuf.pyx
[23/59] Cythonizing xpra/net/lz4/lz4.pyx
[32/59] Cythonizing xpra/util/rectangle.pyx
[42/59] Cythonizing xpra/x11/bindings/keyboard.pyx
[ 3/59] Cythonizing xpra/buffers/xxh.pyx
[15/59] Cythonizing xpra/codecs/vpx/encoder.pyx
[39/59] Cythonizing xpra/x11/bindings/display_source.pyx
[46/59] Cythonizing xpra/x11/bindings/res.pyx
[53/59] Cythonizing xpra/x11/bindings/xi2.pyx
[ 7/59] Cythonizing xpra/codecs/avif/decoder.pyx
[18/59] Cythonizing xpra/gtk/bindings/atoms.pyx
[19/59] Cythonizing xpra/gtk/bindings/gobject.pyx
[22/59] Cythonizing xpra/net/brotli/decompressor.pyx
[28/59] Cythonizing xpra/platform/posix/proc_libproc.pyx
[33/59] Cythonizing xpra/wayland/wait_for_display.pyx
[38/59] Cythonizing xpra/x11/bindings/damage.pyx
[47/59] Cythonizing xpra/x11/bindings/saveset.pyx
[52/59] Cythonizing xpra/x11/bindings/window.pyx
[10/59] Cythonizing xpra/codecs/drm/drm.pyx
[16/59] Cythonizing xpra/codecs/webp/decoder.pyx
[26/59] Cythonizing xpra/net/websockets/mask.pyx
[37/59] Cythonizing xpra/x11/bindings/cursor.pyx
[44/59] Cythonizing xpra/x11/bindings/randr.pyx
/usr/lib/python3.13/site-packages/setuptools/config/_apply_pyprojecttoml.py:82: SetuptoolsDeprecationWarning: `project.license` as a TOML table is deprecated
!!

        ********************************************************************************
        Please use a simple string containing a SPDX expression for `project.license`. You can also use `project.license-files`. (Both options available on setuptools>=77.0.0).

        This deprecation is overdue, please update your project and remove deprecated
        calls to avoid build errors in the future.

        See https://packaging.python.org/en/latest/guides/writing-pyproject-toml/#license for details.
        ********************************************************************************

!!
  corresp(dist, value, root_dir)
/usr/lib/python3.13/site-packages/setuptools/config/_apply_pyprojecttoml.py:61: SetuptoolsDeprecationWarning: License classifiers are deprecated.
!!

        ********************************************************************************
        Please consider removing the following classifiers in favor of a SPDX license expression:

        License :: OSI Approved :: GNU General Public License v2 or later (GPLv2+)

        See https://packaging.python.org/en/latest/guides/writing-pyproject-toml/#license for details.
        ********************************************************************************

!!
  dist._finalize_license_expression()
/usr/lib/python3.13/site-packages/setuptools/dist.py:759: SetuptoolsDeprecationWarning: License classifiers are deprecated.
!!

        ********************************************************************************
        Please consider removing the following classifiers in favor of a SPDX license expression:

        License :: OSI Approved :: GNU General Public License v2 or later (GPLv2+)

        See https://packaging.python.org/en/latest/guides/writing-pyproject-toml/#license for details.
        ********************************************************************************

!!
  self._finalize_license_expression()
/usr/lib/python3.13/site-packages/setuptools/_distutils/cmd.py:90: SetuptoolsDeprecationWarning: setup.py install is deprecated.
!!

        ********************************************************************************
        Please avoid running ``setup.py`` directly.
        Instead, use pypa/build, pypa/installer or other
        standards-based tools.

        This deprecation is overdue, please update your project and remove deprecated
        calls to avoid build errors in the future.

        See https://blog.ganssle.io/articles/2021/10/setup-py-deprecated.html for details.
        ********************************************************************************

!!
  self.initialize_options()
no previously-included directories found matching 'html5'
warning: no files found matching 'perf' under directory 'tests'
warning: no files found matching 'scripts' under directory 'tests'
warning: no files found matching 'unit' under directory 'tests/unittests'
warning: no previously-included files matching '*~' found anywhere in distribution
warning: no previously-included files matching '#*' found anywhere in distribution
warning: no previously-included files matching '*.orig' found anywhere in distribution
warning: no previously-included files matching '*.bak' found anywhere in distribution
warning: no previously-included files matching '*.rej' found anywhere in distribution
warning: no previously-included files matching '*.pxi' found anywhere in distribution
no previously-included directories found matching 'venv'
no previously-included directories found matching 'dist'
no previously-included directories found matching 'cache'
no previously-included directories found matching 'opt'
xpra/x11/gtk/bindings.c:1227:10: fatal error: pygobject-3.0/pygobject.h: No such file or directory
 1227 | #include "pygobject-3.0/pygobject.h"
      |          ^~~~~~~~~~~~~~~~~~~~~~~~~~~
compilation terminated.
error: command '/usr/bin/x86_64-unknown-linux-gnu-gcc' failed with exit code 1
Error: module xpra: Child process exited with code 1
